<?xml version="1.0" encoding="utf-8"?>
<CoverageSession xmlns:xsd="http://www.w3.org/2001/XMLSchema" xmlns:xsi="http://www.w3.org/2001/XMLSchema-instance" Version="4.6.0.0">
  <Summary numSequencePoints="2067" visitedSequencePoints="44" numBranchPoints="529" visitedBranchPoints="7" sequenceCoverage="2.13" branchCoverage="1.32" maxCyclomaticComplexity="5" minCyclomaticComplexity="1" maxCrapScore="30" minCrapScore="1" visitedClasses="3" numClasses="106" visitedMethods="4" numMethods="459" />
  <Modules>
    <Module hash="67-95-57-82-F7-F4-10-F1-80-E2-11-FD-99-CD-5E-EF-BB-F4-B3-2C">
      <Summary numSequencePoints="812" visitedSequencePoints="23" numBranchPoints="163" visitedBranchPoints="3" sequenceCoverage="2.83" branchCoverage="1.84" maxCyclomaticComplexity="4" minCyclomaticComplexity="1" maxCrapScore="20" minCrapScore="1" visitedClasses="2" numClasses="56" visitedMethods="3" numMethods="145" />
      <ModulePath>C:\Users\tonyh\Documents\Visual Studio Projects\MoqHelpers\MoqHelpersTests\bin\Debug\MoqHelpersTests.dll</ModulePath>
      <ModuleTime>2018-10-18T12:15:40.0201694Z</ModuleTime>
      <ModuleName>MoqHelpersTests</ModuleName>
      <Files>
        <File uid="1" fullPath="C:\Users\tonyh\Documents\Visual Studio Projects\MoqHelpers\MoqHelpersTests\InSequenceTests.cs" />
        <File uid="48" fullPath="C:\Users\tonyh\Documents\Visual Studio Projects\MoqHelpers\MoqHelpersTests\MoqHelperTests.cs" />
        <File uid="49" fullPath="C:\Users\tonyh\Documents\Visual Studio Projects\MoqHelpers\MoqHelpersTests\SetupExtensionsTest.cs" />
        <File uid="51" fullPath="C:\Users\tonyh\Documents\Visual Studio Projects\MoqHelpers\MoqHelpersTests\ThrewHelperTests.cs" />
        <File uid="54" fullPath="C:\Users\tonyh\Documents\Visual Studio Projects\MoqHelpers\MoqHelpersTests\SetupSequenceExtensions_Tests.cs" />
      </Files>
      <Classes>
        <Class>
          <Summary numSequencePoints="27" visitedSequencePoints="0" numBranchPoints="9" visitedBranchPoints="0" sequenceCoverage="0" branchCoverage="0" maxCyclomaticComplexity="1" minCyclomaticComplexity="1" maxCrapScore="2" minCrapScore="2" visitedClasses="0" numClasses="1" visitedMethods="0" numMethods="9" />
          <FullName>MoqHelpersTests.SequenceAssertions</FullName>
          <Methods>
            <Method visited="false" cyclomaticComplexity="1" nPathComplexity="0" sequenceCoverage="0" branchCoverage="0" crapScore="2" isConstructor="false" isStatic="true" isGetter="false" isSetter="false">
              <Summary numSequencePoints="3" visitedSequencePoints="0" numBranchPoints="1" visitedBranchPoints="0" sequenceCoverage="0" branchCoverage="0" maxCyclomaticComplexity="1" minCyclomaticComplexity="1" maxCrapScore="2" minCrapScore="2" visitedClasses="0" numClasses="0" visitedMethods="0" numMethods="1" />
              <MetadataToken>100663297</MetadataToken>
              <Name>System.Void MoqHelpersTests.SequenceAssertions::Throws_Insufficient_Calls(System.Action,System.Int32,System.Int32)</Name>
              <FileRef uid="1" />
              <SequencePoints>
                <SequencePoint vc="0" uspid="1" ordinal="0" offset="20" sl="17" sc="9" el="17" ec="10" bec="0" bev="0" fileid="1" />
                <SequencePoint vc="0" uspid="2" ordinal="1" offset="21" sl="18" sc="13" el="23" ec="15" bec="0" bev="0" fileid="1" />
                <SequencePoint vc="0" uspid="3" ordinal="2" offset="45" sl="24" sc="9" el="24" ec="10" bec="0" bev="0" fileid="1" />
              </SequencePoints>
              <BranchPoints />
              <MethodPoint vc="0" uspid="4" ordinal="0" offset="0" />
            </Method>
            <Method visited="false" cyclomaticComplexity="1" nPathComplexity="0" sequenceCoverage="0" branchCoverage="0" crapScore="2" isConstructor="false" isStatic="true" isGetter="false" isSetter="false">
              <Summary numSequencePoints="3" visitedSequencePoints="0" numBranchPoints="1" visitedBranchPoints="0" sequenceCoverage="0" branchCoverage="0" maxCyclomaticComplexity="1" minCyclomaticComplexity="1" maxCrapScore="2" minCrapScore="2" visitedClasses="0" numClasses="0" visitedMethods="0" numMethods="1" />
              <MetadataToken>100663298</MetadataToken>
              <Name>System.Void MoqHelpersTests.SequenceAssertions::Throws_Insufficient_Calls(MoqHelpers.InSequence.Sequence,System.Int32,System.Int32)</Name>
              <FileRef uid="1" />
              <SequencePoints>
                <SequencePoint vc="0" uspid="5" ordinal="0" offset="13" sl="26" sc="9" el="26" ec="10" bec="0" bev="0" fileid="1" />
                <SequencePoint vc="0" uspid="6" ordinal="1" offset="14" sl="27" sc="13" el="27" ec="76" bec="0" bev="0" fileid="1" />
                <SequencePoint vc="0" uspid="7" ordinal="2" offset="34" sl="28" sc="9" el="28" ec="10" bec="0" bev="0" fileid="1" />
              </SequencePoints>
              <BranchPoints />
              <MethodPoint vc="0" uspid="8" ordinal="0" offset="0" />
            </Method>
            <Method visited="false" cyclomaticComplexity="1" nPathComplexity="0" sequenceCoverage="0" branchCoverage="0" crapScore="2" isConstructor="false" isStatic="true" isGetter="false" isSetter="false">
              <Summary numSequencePoints="3" visitedSequencePoints="0" numBranchPoints="1" visitedBranchPoints="0" sequenceCoverage="0" branchCoverage="0" maxCyclomaticComplexity="1" minCyclomaticComplexity="1" maxCrapScore="2" minCrapScore="2" visitedClasses="0" numClasses="0" visitedMethods="0" numMethods="1" />
              <MetadataToken>100663299</MetadataToken>
              <Name>System.Void MoqHelpersTests.SequenceAssertions::Throws_Insufficient_Calls(Moq.Mock`1&lt;T&gt;,System.Int32,System.Int32)</Name>
              <FileRef uid="1" />
              <SequencePoints>
                <SequencePoint vc="0" uspid="9" ordinal="0" offset="13" sl="30" sc="9" el="30" ec="10" bec="0" bev="0" fileid="1" />
                <SequencePoint vc="0" uspid="10" ordinal="1" offset="14" sl="31" sc="13" el="31" ec="76" bec="0" bev="0" fileid="1" />
                <SequencePoint vc="0" uspid="11" ordinal="2" offset="34" sl="32" sc="9" el="32" ec="10" bec="0" bev="0" fileid="1" />
              </SequencePoints>
              <BranchPoints />
              <MethodPoint vc="0" uspid="12" ordinal="0" offset="0" />
            </Method>
            <Method visited="false" cyclomaticComplexity="1" nPathComplexity="0" sequenceCoverage="0" branchCoverage="0" crapScore="2" isConstructor="false" isStatic="true" isGetter="false" isSetter="false">
              <Summary numSequencePoints="3" visitedSequencePoints="0" numBranchPoints="1" visitedBranchPoints="0" sequenceCoverage="0" branchCoverage="0" maxCyclomaticComplexity="1" minCyclomaticComplexity="1" maxCrapScore="2" minCrapScore="2" visitedClasses="0" numClasses="0" visitedMethods="0" numMethods="1" />
              <MetadataToken>100663300</MetadataToken>
              <Name>System.Void MoqHelpersTests.SequenceAssertions::Throws_Out_Of_Sequence(MoqHelpers.InSequence.Sequence,System.Int32,System.Int32)</Name>
              <FileRef uid="1" />
              <SequencePoints>
                <SequencePoint vc="0" uspid="13" ordinal="0" offset="13" sl="34" sc="9" el="34" ec="10" bec="0" bev="0" fileid="1" />
                <SequencePoint vc="0" uspid="14" ordinal="1" offset="14" sl="35" sc="13" el="35" ec="73" bec="0" bev="0" fileid="1" />
                <SequencePoint vc="0" uspid="15" ordinal="2" offset="34" sl="36" sc="9" el="36" ec="10" bec="0" bev="0" fileid="1" />
              </SequencePoints>
              <BranchPoints />
              <MethodPoint vc="0" uspid="16" ordinal="0" offset="0" />
            </Method>
            <Method visited="false" cyclomaticComplexity="1" nPathComplexity="0" sequenceCoverage="0" branchCoverage="0" crapScore="2" isConstructor="false" isStatic="true" isGetter="false" isSetter="false">
              <Summary numSequencePoints="3" visitedSequencePoints="0" numBranchPoints="1" visitedBranchPoints="0" sequenceCoverage="0" branchCoverage="0" maxCyclomaticComplexity="1" minCyclomaticComplexity="1" maxCrapScore="2" minCrapScore="2" visitedClasses="0" numClasses="0" visitedMethods="0" numMethods="1" />
              <MetadataToken>100663301</MetadataToken>
              <Name>System.Void MoqHelpersTests.SequenceAssertions::Throws_Out_Of_Sequence(System.Action,System.Int32,System.Int32)</Name>
              <FileRef uid="1" />
              <SequencePoints>
                <SequencePoint vc="0" uspid="17" ordinal="0" offset="20" sl="38" sc="9" el="38" ec="10" bec="0" bev="0" fileid="1" />
                <SequencePoint vc="0" uspid="18" ordinal="1" offset="21" sl="39" sc="13" el="44" ec="15" bec="0" bev="0" fileid="1" />
                <SequencePoint vc="0" uspid="19" ordinal="2" offset="45" sl="45" sc="9" el="45" ec="10" bec="0" bev="0" fileid="1" />
              </SequencePoints>
              <BranchPoints />
              <MethodPoint vc="0" uspid="20" ordinal="0" offset="0" />
            </Method>
            <Method visited="false" cyclomaticComplexity="1" nPathComplexity="0" sequenceCoverage="0" branchCoverage="0" crapScore="2" isConstructor="false" isStatic="true" isGetter="false" isSetter="false">
              <Summary numSequencePoints="3" visitedSequencePoints="0" numBranchPoints="1" visitedBranchPoints="0" sequenceCoverage="0" branchCoverage="0" maxCyclomaticComplexity="1" minCyclomaticComplexity="1" maxCrapScore="2" minCrapScore="2" visitedClasses="0" numClasses="0" visitedMethods="0" numMethods="1" />
              <MetadataToken>100663302</MetadataToken>
              <Name>System.Void MoqHelpersTests.SequenceAssertions::Throws_Out_Of_Sequence(Moq.Mock`1&lt;T&gt;,System.Int32,System.Int32)</Name>
              <FileRef uid="1" />
              <SequencePoints>
                <SequencePoint vc="0" uspid="21" ordinal="0" offset="13" sl="47" sc="9" el="47" ec="10" bec="0" bev="0" fileid="1" />
                <SequencePoint vc="0" uspid="22" ordinal="1" offset="14" sl="48" sc="13" el="48" ec="77" bec="0" bev="0" fileid="1" />
                <SequencePoint vc="0" uspid="23" ordinal="2" offset="34" sl="49" sc="9" el="49" ec="10" bec="0" bev="0" fileid="1" />
              </SequencePoints>
              <BranchPoints />
              <MethodPoint vc="0" uspid="24" ordinal="0" offset="0" />
            </Method>
            <Method visited="false" cyclomaticComplexity="1" nPathComplexity="0" sequenceCoverage="0" branchCoverage="0" crapScore="2" isConstructor="false" isStatic="true" isGetter="false" isSetter="false">
              <Summary numSequencePoints="3" visitedSequencePoints="0" numBranchPoints="1" visitedBranchPoints="0" sequenceCoverage="0" branchCoverage="0" maxCyclomaticComplexity="1" minCyclomaticComplexity="1" maxCrapScore="2" minCrapScore="2" visitedClasses="0" numClasses="0" visitedMethods="0" numMethods="1" />
              <MetadataToken>100663303</MetadataToken>
              <Name>System.Void MoqHelpersTests.SequenceAssertions::Throws_Additional_Calls(System.Action,System.Int32,System.Int32)</Name>
              <FileRef uid="1" />
              <SequencePoints>
                <SequencePoint vc="0" uspid="25" ordinal="0" offset="20" sl="51" sc="9" el="51" ec="10" bec="0" bev="0" fileid="1" />
                <SequencePoint vc="0" uspid="26" ordinal="1" offset="21" sl="52" sc="13" el="57" ec="15" bec="0" bev="0" fileid="1" />
                <SequencePoint vc="0" uspid="27" ordinal="2" offset="45" sl="58" sc="9" el="58" ec="10" bec="0" bev="0" fileid="1" />
              </SequencePoints>
              <BranchPoints />
              <MethodPoint vc="0" uspid="28" ordinal="0" offset="0" />
            </Method>
            <Method visited="false" cyclomaticComplexity="1" nPathComplexity="0" sequenceCoverage="0" branchCoverage="0" crapScore="2" isConstructor="false" isStatic="true" isGetter="false" isSetter="false">
              <Summary numSequencePoints="3" visitedSequencePoints="0" numBranchPoints="1" visitedBranchPoints="0" sequenceCoverage="0" branchCoverage="0" maxCyclomaticComplexity="1" minCyclomaticComplexity="1" maxCrapScore="2" minCrapScore="2" visitedClasses="0" numClasses="0" visitedMethods="0" numMethods="1" />
              <MetadataToken>100663304</MetadataToken>
              <Name>System.Void MoqHelpersTests.SequenceAssertions::Throws_Additional_Calls(Moq.Mock`1&lt;T&gt;,System.Int32,System.Int32)</Name>
              <FileRef uid="1" />
              <SequencePoints>
                <SequencePoint vc="0" uspid="29" ordinal="0" offset="13" sl="60" sc="9" el="60" ec="10" bec="0" bev="0" fileid="1" />
                <SequencePoint vc="0" uspid="30" ordinal="1" offset="14" sl="61" sc="13" el="61" ec="94" bec="0" bev="0" fileid="1" />
                <SequencePoint vc="0" uspid="31" ordinal="2" offset="34" sl="62" sc="9" el="62" ec="10" bec="0" bev="0" fileid="1" />
              </SequencePoints>
              <BranchPoints />
              <MethodPoint vc="0" uspid="32" ordinal="0" offset="0" />
            </Method>
            <Method visited="false" cyclomaticComplexity="1" nPathComplexity="0" sequenceCoverage="0" branchCoverage="0" crapScore="2" isConstructor="false" isStatic="true" isGetter="false" isSetter="false">
              <Summary numSequencePoints="3" visitedSequencePoints="0" numBranchPoints="1" visitedBranchPoints="0" sequenceCoverage="0" branchCoverage="0" maxCyclomaticComplexity="1" minCyclomaticComplexity="1" maxCrapScore="2" minCrapScore="2" visitedClasses="0" numClasses="0" visitedMethods="0" numMethods="1" />
              <MetadataToken>100663305</MetadataToken>
              <Name>System.Void MoqHelpersTests.SequenceAssertions::Throws_Additional_Calls(MoqHelpers.InSequence.Sequence,System.Int32,System.Int32)</Name>
              <FileRef uid="1" />
              <SequencePoints>
                <SequencePoint vc="0" uspid="33" ordinal="0" offset="13" sl="64" sc="9" el="64" ec="10" bec="0" bev="0" fileid="1" />
                <SequencePoint vc="0" uspid="34" ordinal="1" offset="14" sl="65" sc="13" el="65" ec="90" bec="0" bev="0" fileid="1" />
                <SequencePoint vc="0" uspid="35" ordinal="2" offset="34" sl="66" sc="9" el="66" ec="10" bec="0" bev="0" fileid="1" />
              </SequencePoints>
              <BranchPoints />
              <MethodPoint vc="0" uspid="36" ordinal="0" offset="0" />
            </Method>
          </Methods>
        </Class>
        <Class>
          <Summary numSequencePoints="3" visitedSequencePoints="0" numBranchPoints="1" visitedBranchPoints="0" sequenceCoverage="0" branchCoverage="0" maxCyclomaticComplexity="3" minCyclomaticComplexity="1" maxCrapScore="12" minCrapScore="2" visitedClasses="0" numClasses="1" visitedMethods="0" numMethods="1" />
          <FullName>MoqHelpersTests.SequenceAssertions/&lt;&gt;c__DisplayClass0_0</FullName>
          <Methods>
            <Method visited="false" cyclomaticComplexity="1" nPathComplexity="0" sequenceCoverage="0" branchCoverage="0" crapScore="2" isConstructor="true" isStatic="false" isGetter="false" isSetter="false">
              <Summary numSequencePoints="0" visitedSequencePoints="0" numBranchPoints="0" visitedBranchPoints="0" sequenceCoverage="0" branchCoverage="0" maxCyclomaticComplexity="1" minCyclomaticComplexity="1" maxCrapScore="2" minCrapScore="2" visitedClasses="0" numClasses="0" visitedMethods="0" numMethods="0" />
              <MetadataToken>100663405</MetadataToken>
              <Name>System.Void MoqHelpersTests.SequenceAssertions/&lt;&gt;c__DisplayClass0_0::.ctor()</Name>
              <SequencePoints />
              <BranchPoints />
              <MethodPoint vc="0" uspid="37" ordinal="0" offset="0" />
            </Method>
            <Method visited="false" cyclomaticComplexity="3" nPathComplexity="0" sequenceCoverage="0" branchCoverage="0" crapScore="12" isConstructor="false" isStatic="false" isGetter="false" isSetter="false">
              <Summary numSequencePoints="3" visitedSequencePoints="0" numBranchPoints="1" visitedBranchPoints="0" sequenceCoverage="0" branchCoverage="0" maxCyclomaticComplexity="3" minCyclomaticComplexity="3" maxCrapScore="12" minCrapScore="12" visitedClasses="0" numClasses="0" visitedMethods="0" numMethods="1" />
              <MetadataToken>100663406</MetadataToken>
              <Name>System.Boolean MoqHelpersTests.SequenceAssertions/&lt;&gt;c__DisplayClass0_0::&lt;Throws_Insufficient_Calls&gt;b__0(MoqHelpers.InSequence.SequenceVerifyException)</Name>
              <FileRef uid="1" />
              <SequencePoints>
                <SequencePoint vc="0" uspid="38" ordinal="0" offset="0" sl="20" sc="17" el="20" ec="18" bec="0" bev="0" fileid="1" />
                <SequencePoint vc="0" uspid="39" ordinal="1" offset="1" sl="21" sc="21" el="21" ec="90" bec="0" bev="0" fileid="1" />
                <SequencePoint vc="0" uspid="40" ordinal="2" offset="43" sl="22" sc="17" el="22" ec="18" bec="0" bev="0" fileid="1" />
              </SequencePoints>
              <BranchPoints />
              <MethodPoint xsi:type="SequencePoint" vc="0" uspid="38" ordinal="0" offset="0" sl="20" sc="17" el="20" ec="18" bec="0" bev="0" fileid="1" />
            </Method>
          </Methods>
        </Class>
        <Class>
          <Summary numSequencePoints="1" visitedSequencePoints="0" numBranchPoints="1" visitedBranchPoints="0" sequenceCoverage="0" branchCoverage="0" maxCyclomaticComplexity="1" minCyclomaticComplexity="1" maxCrapScore="2" minCrapScore="2" visitedClasses="0" numClasses="1" visitedMethods="0" numMethods="1" />
          <FullName>MoqHelpersTests.SequenceAssertions/&lt;&gt;c__DisplayClass1_0</FullName>
          <Methods>
            <Method visited="false" cyclomaticComplexity="1" nPathComplexity="0" sequenceCoverage="0" branchCoverage="0" crapScore="2" isConstructor="true" isStatic="false" isGetter="false" isSetter="false">
              <Summary numSequencePoints="0" visitedSequencePoints="0" numBranchPoints="0" visitedBranchPoints="0" sequenceCoverage="0" branchCoverage="0" maxCyclomaticComplexity="1" minCyclomaticComplexity="1" maxCrapScore="2" minCrapScore="2" visitedClasses="0" numClasses="0" visitedMethods="0" numMethods="0" />
              <MetadataToken>100663407</MetadataToken>
              <Name>System.Void MoqHelpersTests.SequenceAssertions/&lt;&gt;c__DisplayClass1_0::.ctor()</Name>
              <SequencePoints />
              <BranchPoints />
              <MethodPoint vc="0" uspid="45" ordinal="0" offset="0" />
            </Method>
            <Method visited="false" cyclomaticComplexity="1" nPathComplexity="0" sequenceCoverage="0" branchCoverage="0" crapScore="2" isConstructor="false" isStatic="false" isGetter="false" isSetter="false">
              <Summary numSequencePoints="1" visitedSequencePoints="0" numBranchPoints="1" visitedBranchPoints="0" sequenceCoverage="0" branchCoverage="0" maxCyclomaticComplexity="1" minCyclomaticComplexity="1" maxCrapScore="2" minCrapScore="2" visitedClasses="0" numClasses="0" visitedMethods="0" numMethods="1" />
              <MetadataToken>100663408</MetadataToken>
              <Name>System.Void MoqHelpersTests.SequenceAssertions/&lt;&gt;c__DisplayClass1_0::&lt;Throws_Insufficient_Calls&gt;b__0()</Name>
              <FileRef uid="1" />
              <SequencePoints>
                <SequencePoint vc="0" uspid="46" ordinal="0" offset="0" sl="27" sc="45" el="27" ec="62" bec="0" bev="0" fileid="1" />
              </SequencePoints>
              <BranchPoints />
              <MethodPoint xsi:type="SequencePoint" vc="0" uspid="46" ordinal="0" offset="0" sl="27" sc="45" el="27" ec="62" bec="0" bev="0" fileid="1" />
            </Method>
          </Methods>
        </Class>
        <Class>
          <Summary numSequencePoints="1" visitedSequencePoints="0" numBranchPoints="1" visitedBranchPoints="0" sequenceCoverage="0" branchCoverage="0" maxCyclomaticComplexity="1" minCyclomaticComplexity="1" maxCrapScore="2" minCrapScore="2" visitedClasses="0" numClasses="1" visitedMethods="0" numMethods="1" />
          <FullName>MoqHelpersTests.SequenceAssertions/&lt;&gt;c__DisplayClass2_0`1</FullName>
          <Methods>
            <Method visited="false" cyclomaticComplexity="1" nPathComplexity="0" sequenceCoverage="0" branchCoverage="0" crapScore="2" isConstructor="true" isStatic="false" isGetter="false" isSetter="false">
              <Summary numSequencePoints="0" visitedSequencePoints="0" numBranchPoints="0" visitedBranchPoints="0" sequenceCoverage="0" branchCoverage="0" maxCyclomaticComplexity="1" minCyclomaticComplexity="1" maxCrapScore="2" minCrapScore="2" visitedClasses="0" numClasses="0" visitedMethods="0" numMethods="0" />
              <MetadataToken>100663409</MetadataToken>
              <Name>System.Void MoqHelpersTests.SequenceAssertions/&lt;&gt;c__DisplayClass2_0`1::.ctor()</Name>
              <SequencePoints />
              <BranchPoints />
              <MethodPoint vc="0" uspid="47" ordinal="0" offset="0" />
            </Method>
            <Method visited="false" cyclomaticComplexity="1" nPathComplexity="0" sequenceCoverage="0" branchCoverage="0" crapScore="2" isConstructor="false" isStatic="false" isGetter="false" isSetter="false">
              <Summary numSequencePoints="1" visitedSequencePoints="0" numBranchPoints="1" visitedBranchPoints="0" sequenceCoverage="0" branchCoverage="0" maxCyclomaticComplexity="1" minCyclomaticComplexity="1" maxCrapScore="2" minCrapScore="2" visitedClasses="0" numClasses="0" visitedMethods="0" numMethods="1" />
              <MetadataToken>100663410</MetadataToken>
              <Name>System.Void MoqHelpersTests.SequenceAssertions/&lt;&gt;c__DisplayClass2_0`1::&lt;Throws_Insufficient_Calls&gt;b__0()</Name>
              <FileRef uid="1" />
              <SequencePoints>
                <SequencePoint vc="0" uspid="48" ordinal="0" offset="0" sl="31" sc="43" el="31" ec="64" bec="0" bev="0" fileid="1" />
              </SequencePoints>
              <BranchPoints />
              <MethodPoint xsi:type="SequencePoint" vc="0" uspid="48" ordinal="0" offset="0" sl="31" sc="43" el="31" ec="64" bec="0" bev="0" fileid="1" />
            </Method>
          </Methods>
        </Class>
        <Class>
          <Summary numSequencePoints="1" visitedSequencePoints="0" numBranchPoints="1" visitedBranchPoints="0" sequenceCoverage="0" branchCoverage="0" maxCyclomaticComplexity="1" minCyclomaticComplexity="1" maxCrapScore="2" minCrapScore="2" visitedClasses="0" numClasses="1" visitedMethods="0" numMethods="1" />
          <FullName>MoqHelpersTests.SequenceAssertions/&lt;&gt;c__DisplayClass3_0</FullName>
          <Methods>
            <Method visited="false" cyclomaticComplexity="1" nPathComplexity="0" sequenceCoverage="0" branchCoverage="0" crapScore="2" isConstructor="true" isStatic="false" isGetter="false" isSetter="false">
              <Summary numSequencePoints="0" visitedSequencePoints="0" numBranchPoints="0" visitedBranchPoints="0" sequenceCoverage="0" branchCoverage="0" maxCyclomaticComplexity="1" minCyclomaticComplexity="1" maxCrapScore="2" minCrapScore="2" visitedClasses="0" numClasses="0" visitedMethods="0" numMethods="0" />
              <MetadataToken>100663411</MetadataToken>
              <Name>System.Void MoqHelpersTests.SequenceAssertions/&lt;&gt;c__DisplayClass3_0::.ctor()</Name>
              <SequencePoints />
              <BranchPoints />
              <MethodPoint vc="0" uspid="49" ordinal="0" offset="0" />
            </Method>
            <Method visited="false" cyclomaticComplexity="1" nPathComplexity="0" sequenceCoverage="0" branchCoverage="0" crapScore="2" isConstructor="false" isStatic="false" isGetter="false" isSetter="false">
              <Summary numSequencePoints="1" visitedSequencePoints="0" numBranchPoints="1" visitedBranchPoints="0" sequenceCoverage="0" branchCoverage="0" maxCyclomaticComplexity="1" minCyclomaticComplexity="1" maxCrapScore="2" minCrapScore="2" visitedClasses="0" numClasses="0" visitedMethods="0" numMethods="1" />
              <MetadataToken>100663412</MetadataToken>
              <Name>System.Void MoqHelpersTests.SequenceAssertions/&lt;&gt;c__DisplayClass3_0::&lt;Throws_Out_Of_Sequence&gt;b__0()</Name>
              <FileRef uid="1" />
              <SequencePoints>
                <SequencePoint vc="0" uspid="50" ordinal="0" offset="0" sl="35" sc="42" el="35" ec="59" bec="0" bev="0" fileid="1" />
              </SequencePoints>
              <BranchPoints />
              <MethodPoint xsi:type="SequencePoint" vc="0" uspid="50" ordinal="0" offset="0" sl="35" sc="42" el="35" ec="59" bec="0" bev="0" fileid="1" />
            </Method>
          </Methods>
        </Class>
        <Class>
          <Summary numSequencePoints="3" visitedSequencePoints="0" numBranchPoints="1" visitedBranchPoints="0" sequenceCoverage="0" branchCoverage="0" maxCyclomaticComplexity="3" minCyclomaticComplexity="1" maxCrapScore="12" minCrapScore="2" visitedClasses="0" numClasses="1" visitedMethods="0" numMethods="1" />
          <FullName>MoqHelpersTests.SequenceAssertions/&lt;&gt;c__DisplayClass4_0</FullName>
          <Methods>
            <Method visited="false" cyclomaticComplexity="1" nPathComplexity="0" sequenceCoverage="0" branchCoverage="0" crapScore="2" isConstructor="true" isStatic="false" isGetter="false" isSetter="false">
              <Summary numSequencePoints="0" visitedSequencePoints="0" numBranchPoints="0" visitedBranchPoints="0" sequenceCoverage="0" branchCoverage="0" maxCyclomaticComplexity="1" minCyclomaticComplexity="1" maxCrapScore="2" minCrapScore="2" visitedClasses="0" numClasses="0" visitedMethods="0" numMethods="0" />
              <MetadataToken>100663413</MetadataToken>
              <Name>System.Void MoqHelpersTests.SequenceAssertions/&lt;&gt;c__DisplayClass4_0::.ctor()</Name>
              <SequencePoints />
              <BranchPoints />
              <MethodPoint vc="0" uspid="51" ordinal="0" offset="0" />
            </Method>
            <Method visited="false" cyclomaticComplexity="3" nPathComplexity="0" sequenceCoverage="0" branchCoverage="0" crapScore="12" isConstructor="false" isStatic="false" isGetter="false" isSetter="false">
              <Summary numSequencePoints="3" visitedSequencePoints="0" numBranchPoints="1" visitedBranchPoints="0" sequenceCoverage="0" branchCoverage="0" maxCyclomaticComplexity="3" minCyclomaticComplexity="3" maxCrapScore="12" minCrapScore="12" visitedClasses="0" numClasses="0" visitedMethods="0" numMethods="1" />
              <MetadataToken>100663414</MetadataToken>
              <Name>System.Boolean MoqHelpersTests.SequenceAssertions/&lt;&gt;c__DisplayClass4_0::&lt;Throws_Out_Of_Sequence&gt;b__0(MoqHelpers.InSequence.SequenceVerifyException)</Name>
              <FileRef uid="1" />
              <SequencePoints>
                <SequencePoint vc="0" uspid="52" ordinal="0" offset="0" sl="41" sc="17" el="41" ec="18" bec="0" bev="0" fileid="1" />
                <SequencePoint vc="0" uspid="53" ordinal="1" offset="1" sl="42" sc="21" el="42" ec="86" bec="0" bev="0" fileid="1" />
                <SequencePoint vc="0" uspid="54" ordinal="2" offset="43" sl="43" sc="17" el="43" ec="18" bec="0" bev="0" fileid="1" />
              </SequencePoints>
              <BranchPoints />
              <MethodPoint xsi:type="SequencePoint" vc="0" uspid="52" ordinal="0" offset="0" sl="41" sc="17" el="41" ec="18" bec="0" bev="0" fileid="1" />
            </Method>
          </Methods>
        </Class>
        <Class>
          <Summary numSequencePoints="1" visitedSequencePoints="0" numBranchPoints="1" visitedBranchPoints="0" sequenceCoverage="0" branchCoverage="0" maxCyclomaticComplexity="1" minCyclomaticComplexity="1" maxCrapScore="2" minCrapScore="2" visitedClasses="0" numClasses="1" visitedMethods="0" numMethods="1" />
          <FullName>MoqHelpersTests.SequenceAssertions/&lt;&gt;c__DisplayClass5_0`1</FullName>
          <Methods>
            <Method visited="false" cyclomaticComplexity="1" nPathComplexity="0" sequenceCoverage="0" branchCoverage="0" crapScore="2" isConstructor="true" isStatic="false" isGetter="false" isSetter="false">
              <Summary numSequencePoints="0" visitedSequencePoints="0" numBranchPoints="0" visitedBranchPoints="0" sequenceCoverage="0" branchCoverage="0" maxCyclomaticComplexity="1" minCyclomaticComplexity="1" maxCrapScore="2" minCrapScore="2" visitedClasses="0" numClasses="0" visitedMethods="0" numMethods="0" />
              <MetadataToken>100663415</MetadataToken>
              <Name>System.Void MoqHelpersTests.SequenceAssertions/&lt;&gt;c__DisplayClass5_0`1::.ctor()</Name>
              <SequencePoints />
              <BranchPoints />
              <MethodPoint vc="0" uspid="59" ordinal="0" offset="0" />
            </Method>
            <Method visited="false" cyclomaticComplexity="1" nPathComplexity="0" sequenceCoverage="0" branchCoverage="0" crapScore="2" isConstructor="false" isStatic="false" isGetter="false" isSetter="false">
              <Summary numSequencePoints="1" visitedSequencePoints="0" numBranchPoints="1" visitedBranchPoints="0" sequenceCoverage="0" branchCoverage="0" maxCyclomaticComplexity="1" minCyclomaticComplexity="1" maxCrapScore="2" minCrapScore="2" visitedClasses="0" numClasses="0" visitedMethods="0" numMethods="1" />
              <MetadataToken>100663416</MetadataToken>
              <Name>System.Void MoqHelpersTests.SequenceAssertions/&lt;&gt;c__DisplayClass5_0`1::&lt;Throws_Out_Of_Sequence&gt;b__0()</Name>
              <FileRef uid="1" />
              <SequencePoints>
                <SequencePoint vc="0" uspid="60" ordinal="0" offset="0" sl="48" sc="42" el="48" ec="63" bec="0" bev="0" fileid="1" />
              </SequencePoints>
              <BranchPoints />
              <MethodPoint xsi:type="SequencePoint" vc="0" uspid="60" ordinal="0" offset="0" sl="48" sc="42" el="48" ec="63" bec="0" bev="0" fileid="1" />
            </Method>
          </Methods>
        </Class>
        <Class>
          <Summary numSequencePoints="3" visitedSequencePoints="0" numBranchPoints="1" visitedBranchPoints="0" sequenceCoverage="0" branchCoverage="0" maxCyclomaticComplexity="3" minCyclomaticComplexity="1" maxCrapScore="12" minCrapScore="2" visitedClasses="0" numClasses="1" visitedMethods="0" numMethods="1" />
          <FullName>MoqHelpersTests.SequenceAssertions/&lt;&gt;c__DisplayClass6_0</FullName>
          <Methods>
            <Method visited="false" cyclomaticComplexity="1" nPathComplexity="0" sequenceCoverage="0" branchCoverage="0" crapScore="2" isConstructor="true" isStatic="false" isGetter="false" isSetter="false">
              <Summary numSequencePoints="0" visitedSequencePoints="0" numBranchPoints="0" visitedBranchPoints="0" sequenceCoverage="0" branchCoverage="0" maxCyclomaticComplexity="1" minCyclomaticComplexity="1" maxCrapScore="2" minCrapScore="2" visitedClasses="0" numClasses="0" visitedMethods="0" numMethods="0" />
              <MetadataToken>100663417</MetadataToken>
              <Name>System.Void MoqHelpersTests.SequenceAssertions/&lt;&gt;c__DisplayClass6_0::.ctor()</Name>
              <SequencePoints />
              <BranchPoints />
              <MethodPoint vc="0" uspid="61" ordinal="0" offset="0" />
            </Method>
            <Method visited="false" cyclomaticComplexity="3" nPathComplexity="0" sequenceCoverage="0" branchCoverage="0" crapScore="12" isConstructor="false" isStatic="false" isGetter="false" isSetter="false">
              <Summary numSequencePoints="3" visitedSequencePoints="0" numBranchPoints="1" visitedBranchPoints="0" sequenceCoverage="0" branchCoverage="0" maxCyclomaticComplexity="3" minCyclomaticComplexity="3" maxCrapScore="12" minCrapScore="12" visitedClasses="0" numClasses="0" visitedMethods="0" numMethods="1" />
              <MetadataToken>100663418</MetadataToken>
              <Name>System.Boolean MoqHelpersTests.SequenceAssertions/&lt;&gt;c__DisplayClass6_0::&lt;Throws_Additional_Calls&gt;b__0(MoqHelpers.InSequence.SequenceVerifyException)</Name>
              <FileRef uid="1" />
              <SequencePoints>
                <SequencePoint vc="0" uspid="62" ordinal="0" offset="0" sl="54" sc="17" el="54" ec="18" bec="0" bev="0" fileid="1" />
                <SequencePoint vc="0" uspid="63" ordinal="1" offset="1" sl="55" sc="21" el="55" ec="117" bec="0" bev="0" fileid="1" />
                <SequencePoint vc="0" uspid="64" ordinal="2" offset="43" sl="56" sc="17" el="56" ec="18" bec="0" bev="0" fileid="1" />
              </SequencePoints>
              <BranchPoints />
              <MethodPoint xsi:type="SequencePoint" vc="0" uspid="62" ordinal="0" offset="0" sl="54" sc="17" el="54" ec="18" bec="0" bev="0" fileid="1" />
            </Method>
          </Methods>
        </Class>
        <Class>
          <Summary numSequencePoints="1" visitedSequencePoints="0" numBranchPoints="1" visitedBranchPoints="0" sequenceCoverage="0" branchCoverage="0" maxCyclomaticComplexity="1" minCyclomaticComplexity="1" maxCrapScore="2" minCrapScore="2" visitedClasses="0" numClasses="1" visitedMethods="0" numMethods="1" />
          <FullName>MoqHelpersTests.SequenceAssertions/&lt;&gt;c__DisplayClass7_0`1</FullName>
          <Methods>
            <Method visited="false" cyclomaticComplexity="1" nPathComplexity="0" sequenceCoverage="0" branchCoverage="0" crapScore="2" isConstructor="true" isStatic="false" isGetter="false" isSetter="false">
              <Summary numSequencePoints="0" visitedSequencePoints="0" numBranchPoints="0" visitedBranchPoints="0" sequenceCoverage="0" branchCoverage="0" maxCyclomaticComplexity="1" minCyclomaticComplexity="1" maxCrapScore="2" minCrapScore="2" visitedClasses="0" numClasses="0" visitedMethods="0" numMethods="0" />
              <MetadataToken>100663419</MetadataToken>
              <Name>System.Void MoqHelpersTests.SequenceAssertions/&lt;&gt;c__DisplayClass7_0`1::.ctor()</Name>
              <SequencePoints />
              <BranchPoints />
              <MethodPoint vc="0" uspid="69" ordinal="0" offset="0" />
            </Method>
            <Method visited="false" cyclomaticComplexity="1" nPathComplexity="0" sequenceCoverage="0" branchCoverage="0" crapScore="2" isConstructor="false" isStatic="false" isGetter="false" isSetter="false">
              <Summary numSequencePoints="1" visitedSequencePoints="0" numBranchPoints="1" visitedBranchPoints="0" sequenceCoverage="0" branchCoverage="0" maxCyclomaticComplexity="1" minCyclomaticComplexity="1" maxCrapScore="2" minCrapScore="2" visitedClasses="0" numClasses="0" visitedMethods="0" numMethods="1" />
              <MetadataToken>100663420</MetadataToken>
              <Name>System.Void MoqHelpersTests.SequenceAssertions/&lt;&gt;c__DisplayClass7_0`1::&lt;Throws_Additional_Calls&gt;b__0()</Name>
              <FileRef uid="1" />
              <SequencePoints>
                <SequencePoint vc="0" uspid="70" ordinal="0" offset="0" sl="61" sc="43" el="61" ec="64" bec="0" bev="0" fileid="1" />
              </SequencePoints>
              <BranchPoints />
              <MethodPoint xsi:type="SequencePoint" vc="0" uspid="70" ordinal="0" offset="0" sl="61" sc="43" el="61" ec="64" bec="0" bev="0" fileid="1" />
            </Method>
          </Methods>
        </Class>
        <Class>
          <Summary numSequencePoints="1" visitedSequencePoints="0" numBranchPoints="1" visitedBranchPoints="0" sequenceCoverage="0" branchCoverage="0" maxCyclomaticComplexity="1" minCyclomaticComplexity="1" maxCrapScore="2" minCrapScore="2" visitedClasses="0" numClasses="1" visitedMethods="0" numMethods="1" />
          <FullName>MoqHelpersTests.SequenceAssertions/&lt;&gt;c__DisplayClass8_0</FullName>
          <Methods>
            <Method visited="false" cyclomaticComplexity="1" nPathComplexity="0" sequenceCoverage="0" branchCoverage="0" crapScore="2" isConstructor="true" isStatic="false" isGetter="false" isSetter="false">
              <Summary numSequencePoints="0" visitedSequencePoints="0" numBranchPoints="0" visitedBranchPoints="0" sequenceCoverage="0" branchCoverage="0" maxCyclomaticComplexity="1" minCyclomaticComplexity="1" maxCrapScore="2" minCrapScore="2" visitedClasses="0" numClasses="0" visitedMethods="0" numMethods="0" />
              <MetadataToken>100663421</MetadataToken>
              <Name>System.Void MoqHelpersTests.SequenceAssertions/&lt;&gt;c__DisplayClass8_0::.ctor()</Name>
              <SequencePoints />
              <BranchPoints />
              <MethodPoint vc="0" uspid="71" ordinal="0" offset="0" />
            </Method>
            <Method visited="false" cyclomaticComplexity="1" nPathComplexity="0" sequenceCoverage="0" branchCoverage="0" crapScore="2" isConstructor="false" isStatic="false" isGetter="false" isSetter="false">
              <Summary numSequencePoints="1" visitedSequencePoints="0" numBranchPoints="1" visitedBranchPoints="0" sequenceCoverage="0" branchCoverage="0" maxCyclomaticComplexity="1" minCyclomaticComplexity="1" maxCrapScore="2" minCrapScore="2" visitedClasses="0" numClasses="0" visitedMethods="0" numMethods="1" />
              <MetadataToken>100663422</MetadataToken>
              <Name>System.Void MoqHelpersTests.SequenceAssertions/&lt;&gt;c__DisplayClass8_0::&lt;Throws_Additional_Calls&gt;b__0()</Name>
              <FileRef uid="1" />
              <SequencePoints>
                <SequencePoint vc="0" uspid="72" ordinal="0" offset="0" sl="65" sc="43" el="65" ec="60" bec="0" bev="0" fileid="1" />
              </SequencePoints>
              <BranchPoints />
              <MethodPoint xsi:type="SequencePoint" vc="0" uspid="72" ordinal="0" offset="0" sl="65" sc="43" el="65" ec="60" bec="0" bev="0" fileid="1" />
            </Method>
          </Methods>
        </Class>
        <Class>
          <Summary numSequencePoints="12" visitedSequencePoints="0" numBranchPoints="4" visitedBranchPoints="0" sequenceCoverage="0" branchCoverage="0" maxCyclomaticComplexity="3" minCyclomaticComplexity="1" maxCrapScore="12" minCrapScore="2" visitedClasses="0" numClasses="1" visitedMethods="0" numMethods="4" />
          <FullName>MoqHelpersTests.CallIndices_Tests</FullName>
          <Methods>
            <Method visited="false" cyclomaticComplexity="2" nPathComplexity="0" sequenceCoverage="0" branchCoverage="0" crapScore="6" isConstructor="false" isStatic="false" isGetter="false" isSetter="false">
              <Summary numSequencePoints="3" visitedSequencePoints="0" numBranchPoints="1" visitedBranchPoints="0" sequenceCoverage="0" branchCoverage="0" maxCyclomaticComplexity="2" minCyclomaticComplexity="2" maxCrapScore="6" minCrapScore="6" visitedClasses="0" numClasses="0" visitedMethods="0" numMethods="1" />
              <MetadataToken>100663306</MetadataToken>
              <Name>System.Void MoqHelpersTests.CallIndices_Tests::Does_Not_Throw_With_Non_Repeated_Non_Negative()</Name>
              <FileRef uid="1" />
              <SequencePoints>
                <SequencePoint vc="0" uspid="73" ordinal="0" offset="0" sl="74" sc="9" el="74" ec="10" bec="0" bev="0" fileid="1" />
                <SequencePoint vc="0" uspid="74" ordinal="1" offset="2" sl="79" sc="13" el="79" ec="113" bec="0" bev="0" fileid="1" />
                <SequencePoint vc="0" uspid="75" ordinal="2" offset="44" sl="80" sc="9" el="80" ec="10" bec="0" bev="0" fileid="1" />
              </SequencePoints>
              <BranchPoints />
              <MethodPoint xsi:type="SequencePoint" vc="0" uspid="73" ordinal="0" offset="0" sl="74" sc="9" el="74" ec="10" bec="0" bev="0" fileid="1" />
            </Method>
            <Method visited="false" cyclomaticComplexity="3" nPathComplexity="0" sequenceCoverage="0" branchCoverage="0" crapScore="12" isConstructor="false" isStatic="false" isGetter="false" isSetter="false">
              <Summary numSequencePoints="3" visitedSequencePoints="0" numBranchPoints="1" visitedBranchPoints="0" sequenceCoverage="0" branchCoverage="0" maxCyclomaticComplexity="3" minCyclomaticComplexity="3" maxCrapScore="12" minCrapScore="12" visitedClasses="0" numClasses="0" visitedMethods="0" numMethods="1" />
              <MetadataToken>100663307</MetadataToken>
              <Name>System.Void MoqHelpersTests.CallIndices_Tests::Adding_Negative_Will_Throw()</Name>
              <FileRef uid="1" />
              <SequencePoints>
                <SequencePoint vc="0" uspid="78" ordinal="0" offset="0" sl="83" sc="9" el="83" ec="10" bec="0" bev="0" fileid="1" />
                <SequencePoint vc="0" uspid="79" ordinal="1" offset="1" sl="84" sc="13" el="89" ec="15" bec="0" bev="0" fileid="1" />
                <SequencePoint vc="0" uspid="80" ordinal="2" offset="74" sl="90" sc="9" el="90" ec="10" bec="0" bev="0" fileid="1" />
              </SequencePoints>
              <BranchPoints />
              <MethodPoint xsi:type="SequencePoint" vc="0" uspid="78" ordinal="0" offset="0" sl="83" sc="9" el="83" ec="10" bec="0" bev="0" fileid="1" />
            </Method>
            <Method visited="false" cyclomaticComplexity="3" nPathComplexity="0" sequenceCoverage="0" branchCoverage="0" crapScore="12" isConstructor="false" isStatic="false" isGetter="false" isSetter="false">
              <Summary numSequencePoints="3" visitedSequencePoints="0" numBranchPoints="1" visitedBranchPoints="0" sequenceCoverage="0" branchCoverage="0" maxCyclomaticComplexity="3" minCyclomaticComplexity="3" maxCrapScore="12" minCrapScore="12" visitedClasses="0" numClasses="0" visitedMethods="0" numMethods="1" />
              <MetadataToken>100663308</MetadataToken>
              <Name>System.Void MoqHelpersTests.CallIndices_Tests::Adding_Repeat_Will_Throw()</Name>
              <FileRef uid="1" />
              <SequencePoints>
                <SequencePoint vc="0" uspid="85" ordinal="0" offset="0" sl="93" sc="9" el="93" ec="10" bec="0" bev="0" fileid="1" />
                <SequencePoint vc="0" uspid="86" ordinal="1" offset="1" sl="94" sc="13" el="99" ec="15" bec="0" bev="0" fileid="1" />
                <SequencePoint vc="0" uspid="87" ordinal="2" offset="74" sl="100" sc="9" el="100" ec="10" bec="0" bev="0" fileid="1" />
              </SequencePoints>
              <BranchPoints />
              <MethodPoint xsi:type="SequencePoint" vc="0" uspid="85" ordinal="0" offset="0" sl="93" sc="9" el="93" ec="10" bec="0" bev="0" fileid="1" />
            </Method>
            <Method visited="false" cyclomaticComplexity="1" nPathComplexity="0" sequenceCoverage="0" branchCoverage="0" crapScore="2" isConstructor="true" isStatic="false" isGetter="false" isSetter="false">
              <Summary numSequencePoints="0" visitedSequencePoints="0" numBranchPoints="0" visitedBranchPoints="0" sequenceCoverage="0" branchCoverage="0" maxCyclomaticComplexity="1" minCyclomaticComplexity="1" maxCrapScore="2" minCrapScore="2" visitedClasses="0" numClasses="0" visitedMethods="0" numMethods="0" />
              <MetadataToken>100663309</MetadataToken>
              <Name>System.Void MoqHelpersTests.CallIndices_Tests::.ctor()</Name>
              <SequencePoints />
              <BranchPoints />
              <MethodPoint vc="0" uspid="92" ordinal="0" offset="0" />
            </Method>
            <Method visited="false" cyclomaticComplexity="1" nPathComplexity="0" sequenceCoverage="0" branchCoverage="0" crapScore="2" isConstructor="false" isStatic="true" isGetter="false" isSetter="false">
              <Summary numSequencePoints="3" visitedSequencePoints="0" numBranchPoints="1" visitedBranchPoints="0" sequenceCoverage="0" branchCoverage="0" maxCyclomaticComplexity="1" minCyclomaticComplexity="1" maxCrapScore="2" minCrapScore="2" visitedClasses="0" numClasses="0" visitedMethods="0" numMethods="1" />
              <MetadataToken>100663310</MetadataToken>
              <Name>System.Void MoqHelpersTests.CallIndices_Tests::&lt;Does_Not_Throw_With_Non_Repeated_Non_Negative&gt;g__MethodWithCallIndicesArg|0_0(MoqHelpers.InSequence.SequenceInvocationIndices)</Name>
              <FileRef uid="1" />
              <SequencePoints>
                <SequencePoint vc="0" uspid="93" ordinal="0" offset="0" sl="76" sc="13" el="76" ec="14" bec="0" bev="0" fileid="1" />
                <SequencePoint vc="0" uspid="94" ordinal="1" offset="1" sl="77" sc="17" el="77" ec="39" bec="0" bev="0" fileid="1" />
                <SequencePoint vc="0" uspid="95" ordinal="2" offset="8" sl="78" sc="13" el="78" ec="14" bec="0" bev="0" fileid="1" />
              </SequencePoints>
              <BranchPoints />
              <MethodPoint xsi:type="SequencePoint" vc="0" uspid="93" ordinal="0" offset="0" sl="76" sc="13" el="76" ec="14" bec="0" bev="0" fileid="1" />
            </Method>
          </Methods>
        </Class>
        <Class>
          <Summary numSequencePoints="9" visitedSequencePoints="0" numBranchPoints="5" visitedBranchPoints="0" sequenceCoverage="0" branchCoverage="0" maxCyclomaticComplexity="1" minCyclomaticComplexity="1" maxCrapScore="2" minCrapScore="2" visitedClasses="0" numClasses="1" visitedMethods="0" numMethods="5" />
          <FullName>MoqHelpersTests.CallIndices_Tests/&lt;&gt;c</FullName>
          <Methods>
            <Method visited="false" cyclomaticComplexity="1" nPathComplexity="0" sequenceCoverage="0" branchCoverage="0" crapScore="2" isConstructor="true" isStatic="true" isGetter="false" isSetter="false">
              <Summary numSequencePoints="0" visitedSequencePoints="0" numBranchPoints="0" visitedBranchPoints="0" sequenceCoverage="0" branchCoverage="0" maxCyclomaticComplexity="1" minCyclomaticComplexity="1" maxCrapScore="2" minCrapScore="2" visitedClasses="0" numClasses="0" visitedMethods="0" numMethods="0" />
              <MetadataToken>100663423</MetadataToken>
              <Name>System.Void MoqHelpersTests.CallIndices_Tests/&lt;&gt;c::.cctor()</Name>
              <SequencePoints />
              <BranchPoints />
              <MethodPoint vc="0" uspid="96" ordinal="0" offset="0" />
            </Method>
            <Method visited="false" cyclomaticComplexity="1" nPathComplexity="0" sequenceCoverage="0" branchCoverage="0" crapScore="2" isConstructor="true" isStatic="false" isGetter="false" isSetter="false">
              <Summary numSequencePoints="0" visitedSequencePoints="0" numBranchPoints="0" visitedBranchPoints="0" sequenceCoverage="0" branchCoverage="0" maxCyclomaticComplexity="1" minCyclomaticComplexity="1" maxCrapScore="2" minCrapScore="2" visitedClasses="0" numClasses="0" visitedMethods="0" numMethods="0" />
              <MetadataToken>100663424</MetadataToken>
              <Name>System.Void MoqHelpersTests.CallIndices_Tests/&lt;&gt;c::.ctor()</Name>
              <SequencePoints />
              <BranchPoints />
              <MethodPoint vc="0" uspid="97" ordinal="0" offset="0" />
            </Method>
            <Method visited="false" cyclomaticComplexity="1" nPathComplexity="0" sequenceCoverage="0" branchCoverage="0" crapScore="2" isConstructor="false" isStatic="false" isGetter="false" isSetter="false">
              <Summary numSequencePoints="1" visitedSequencePoints="0" numBranchPoints="1" visitedBranchPoints="0" sequenceCoverage="0" branchCoverage="0" maxCyclomaticComplexity="1" minCyclomaticComplexity="1" maxCrapScore="2" minCrapScore="2" visitedClasses="0" numClasses="0" visitedMethods="0" numMethods="1" />
              <MetadataToken>100663425</MetadataToken>
              <Name>System.Void MoqHelpersTests.CallIndices_Tests/&lt;&gt;c::&lt;Does_Not_Throw_With_Non_Repeated_Non_Negative&gt;b__0_1()</Name>
              <FileRef uid="1" />
              <SequencePoints>
                <SequencePoint vc="0" uspid="98" ordinal="0" offset="0" sl="79" sc="31" el="79" ec="95" bec="0" bev="0" fileid="1" />
              </SequencePoints>
              <BranchPoints />
              <MethodPoint xsi:type="SequencePoint" vc="0" uspid="98" ordinal="0" offset="0" sl="79" sc="31" el="79" ec="95" bec="0" bev="0" fileid="1" />
            </Method>
            <Method visited="false" cyclomaticComplexity="1" nPathComplexity="0" sequenceCoverage="0" branchCoverage="0" crapScore="2" isConstructor="false" isStatic="false" isGetter="false" isSetter="false">
              <Summary numSequencePoints="3" visitedSequencePoints="0" numBranchPoints="1" visitedBranchPoints="0" sequenceCoverage="0" branchCoverage="0" maxCyclomaticComplexity="1" minCyclomaticComplexity="1" maxCrapScore="2" minCrapScore="2" visitedClasses="0" numClasses="0" visitedMethods="0" numMethods="1" />
              <MetadataToken>100663426</MetadataToken>
              <Name>System.Void MoqHelpersTests.CallIndices_Tests/&lt;&gt;c::&lt;Adding_Negative_Will_Throw&gt;b__1_0()</Name>
              <FileRef uid="1" />
              <SequencePoints>
                <SequencePoint vc="0" uspid="99" ordinal="0" offset="0" sl="86" sc="17" el="86" ec="18" bec="0" bev="0" fileid="1" />
                <SequencePoint vc="0" uspid="100" ordinal="1" offset="1" sl="87" sc="21" el="87" ec="61" bec="0" bev="0" fileid="1" />
                <SequencePoint vc="0" uspid="101" ordinal="2" offset="21" sl="88" sc="17" el="88" ec="18" bec="0" bev="0" fileid="1" />
              </SequencePoints>
              <BranchPoints />
              <MethodPoint xsi:type="SequencePoint" vc="0" uspid="99" ordinal="0" offset="0" sl="86" sc="17" el="86" ec="18" bec="0" bev="0" fileid="1" />
            </Method>
            <Method visited="false" cyclomaticComplexity="1" nPathComplexity="0" sequenceCoverage="0" branchCoverage="0" crapScore="2" isConstructor="false" isStatic="false" isGetter="false" isSetter="false">
              <Summary numSequencePoints="1" visitedSequencePoints="0" numBranchPoints="1" visitedBranchPoints="0" sequenceCoverage="0" branchCoverage="0" maxCyclomaticComplexity="1" minCyclomaticComplexity="1" maxCrapScore="2" minCrapScore="2" visitedClasses="0" numClasses="0" visitedMethods="0" numMethods="1" />
              <MetadataToken>100663427</MetadataToken>
              <Name>System.Boolean MoqHelpersTests.CallIndices_Tests/&lt;&gt;c::&lt;Adding_Negative_Will_Throw&gt;b__1_1(MoqHelpers.InSequence.SequenceSetupException)</Name>
              <FileRef uid="1" />
              <SequencePoints>
                <SequencePoint vc="0" uspid="102" ordinal="0" offset="0" sl="88" sc="26" el="88" ec="45" bec="0" bev="0" fileid="1" />
              </SequencePoints>
              <BranchPoints />
              <MethodPoint xsi:type="SequencePoint" vc="0" uspid="102" ordinal="0" offset="0" sl="88" sc="26" el="88" ec="45" bec="0" bev="0" fileid="1" />
            </Method>
            <Method visited="false" cyclomaticComplexity="1" nPathComplexity="0" sequenceCoverage="0" branchCoverage="0" crapScore="2" isConstructor="false" isStatic="false" isGetter="false" isSetter="false">
              <Summary numSequencePoints="3" visitedSequencePoints="0" numBranchPoints="1" visitedBranchPoints="0" sequenceCoverage="0" branchCoverage="0" maxCyclomaticComplexity="1" minCyclomaticComplexity="1" maxCrapScore="2" minCrapScore="2" visitedClasses="0" numClasses="0" visitedMethods="0" numMethods="1" />
              <MetadataToken>100663428</MetadataToken>
              <Name>System.Void MoqHelpersTests.CallIndices_Tests/&lt;&gt;c::&lt;Adding_Repeat_Will_Throw&gt;b__2_0()</Name>
              <FileRef uid="1" />
              <SequencePoints>
                <SequencePoint vc="0" uspid="103" ordinal="0" offset="0" sl="96" sc="17" el="96" ec="18" bec="0" bev="0" fileid="1" />
                <SequencePoint vc="0" uspid="104" ordinal="1" offset="1" sl="97" sc="21" el="97" ec="60" bec="0" bev="0" fileid="1" />
                <SequencePoint vc="0" uspid="105" ordinal="2" offset="21" sl="98" sc="17" el="98" ec="18" bec="0" bev="0" fileid="1" />
              </SequencePoints>
              <BranchPoints />
              <MethodPoint xsi:type="SequencePoint" vc="0" uspid="103" ordinal="0" offset="0" sl="96" sc="17" el="96" ec="18" bec="0" bev="0" fileid="1" />
            </Method>
            <Method visited="false" cyclomaticComplexity="1" nPathComplexity="0" sequenceCoverage="0" branchCoverage="0" crapScore="2" isConstructor="false" isStatic="false" isGetter="false" isSetter="false">
              <Summary numSequencePoints="1" visitedSequencePoints="0" numBranchPoints="1" visitedBranchPoints="0" sequenceCoverage="0" branchCoverage="0" maxCyclomaticComplexity="1" minCyclomaticComplexity="1" maxCrapScore="2" minCrapScore="2" visitedClasses="0" numClasses="0" visitedMethods="0" numMethods="1" />
              <MetadataToken>100663429</MetadataToken>
              <Name>System.Boolean MoqHelpersTests.CallIndices_Tests/&lt;&gt;c::&lt;Adding_Repeat_Will_Throw&gt;b__2_1(MoqHelpers.InSequence.SequenceSetupException)</Name>
              <FileRef uid="1" />
              <SequencePoints>
                <SequencePoint vc="0" uspid="106" ordinal="0" offset="0" sl="98" sc="26" el="98" ec="52" bec="0" bev="0" fileid="1" />
              </SequencePoints>
              <BranchPoints />
              <MethodPoint xsi:type="SequencePoint" vc="0" uspid="106" ordinal="0" offset="0" sl="98" sc="26" el="98" ec="52" bec="0" bev="0" fileid="1" />
            </Method>
          </Methods>
        </Class>
        <Class>
          <Summary numSequencePoints="33" visitedSequencePoints="0" numBranchPoints="5" visitedBranchPoints="0" sequenceCoverage="0" branchCoverage="0" maxCyclomaticComplexity="3" minCyclomaticComplexity="1" maxCrapScore="12" minCrapScore="2" visitedClasses="0" numClasses="1" visitedMethods="0" numMethods="3" />
          <FullName>MoqHelpersTests.InSequence_General_Tests</FullName>
          <Methods>
            <Method visited="false" cyclomaticComplexity="3" nPathComplexity="2" sequenceCoverage="0" branchCoverage="0" crapScore="12" isConstructor="false" isStatic="false" isGetter="false" isSetter="false">
              <Summary numSequencePoints="12" visitedSequencePoints="0" numBranchPoints="3" visitedBranchPoints="0" sequenceCoverage="0" branchCoverage="0" maxCyclomaticComplexity="3" minCyclomaticComplexity="3" maxCrapScore="12" minCrapScore="12" visitedClasses="0" numClasses="0" visitedMethods="0" numMethods="1" />
              <MetadataToken>100663311</MetadataToken>
              <Name>System.Void MoqHelpersTests.InSequence_General_Tests::Throws_When_Mix_Times_And_Indices(System.Boolean)</Name>
              <FileRef uid="1" />
              <SequencePoints>
                <SequencePoint vc="0" uspid="107" ordinal="0" offset="6" sl="110" sc="9" el="110" ec="10" bec="0" bev="0" fileid="1" />
                <SequencePoint vc="0" uspid="108" ordinal="1" offset="7" sl="111" sc="13" el="111" ec="44" bec="0" bev="0" fileid="1" />
                <SequencePoint vc="0" uspid="109" ordinal="2" offset="18" sl="112" sc="13" el="112" ec="39" bec="0" bev="0" fileid="1" />
                <SequencePoint vc="0" uspid="110" ordinal="3" offset="20" sl="113" sc="13" el="113" ec="28" bec="2" bev="0" fileid="1" />
                <SequencePoint vc="0" uspid="111" ordinal="4" offset="25" sl="114" sc="13" el="114" ec="14" bec="0" bev="0" fileid="1" />
                <SequencePoint vc="0" uspid="112" ordinal="5" offset="26" sl="115" sc="17" el="119" ec="19" bec="0" bev="0" fileid="1" />
                <SequencePoint vc="0" uspid="113" ordinal="6" offset="39" sl="120" sc="13" el="120" ec="14" bec="0" bev="0" fileid="1" />
                <SequencePoint vc="0" uspid="114" ordinal="7" offset="42" sl="122" sc="13" el="122" ec="14" bec="0" bev="0" fileid="1" />
                <SequencePoint vc="0" uspid="115" ordinal="8" offset="43" sl="123" sc="17" el="127" ec="19" bec="0" bev="0" fileid="1" />
                <SequencePoint vc="0" uspid="116" ordinal="9" offset="56" sl="128" sc="13" el="128" ec="14" bec="0" bev="0" fileid="1" />
                <SequencePoint vc="0" uspid="117" ordinal="10" offset="57" sl="130" sc="13" el="132" ec="15" bec="0" bev="0" fileid="1" />
                <SequencePoint vc="0" uspid="118" ordinal="11" offset="100" sl="133" sc="9" el="133" ec="10" bec="0" bev="0" fileid="1" />
              </SequencePoints>
              <BranchPoints>
                <BranchPoint vc="0" uspid="119" ordinal="0" offset="23" sl="113" path="0" offsetend="25" fileid="1" />
                <BranchPoint vc="0" uspid="120" ordinal="1" offset="23" sl="113" path="1" offsetend="42" fileid="1" />
              </BranchPoints>
              <MethodPoint vc="0" uspid="123" ordinal="0" offset="0" />
            </Method>
            <Method visited="false" cyclomaticComplexity="2" nPathComplexity="0" sequenceCoverage="0" branchCoverage="0" crapScore="6" isConstructor="false" isStatic="false" isGetter="false" isSetter="false">
              <Summary numSequencePoints="5" visitedSequencePoints="0" numBranchPoints="1" visitedBranchPoints="0" sequenceCoverage="0" branchCoverage="0" maxCyclomaticComplexity="2" minCyclomaticComplexity="2" maxCrapScore="6" minCrapScore="6" visitedClasses="0" numClasses="0" visitedMethods="0" numMethods="1" />
              <MetadataToken>100663312</MetadataToken>
              <Name>System.Void MoqHelpersTests.InSequence_General_Tests::Throws_When_Different_Setups_Supply_The_Same_Call_Index()</Name>
              <FileRef uid="1" />
              <SequencePoints>
                <SequencePoint vc="0" uspid="124" ordinal="0" offset="6" sl="136" sc="9" el="136" ec="10" bec="0" bev="0" fileid="1" />
                <SequencePoint vc="0" uspid="125" ordinal="1" offset="7" sl="137" sc="13" el="137" ec="44" bec="0" bev="0" fileid="1" />
                <SequencePoint vc="0" uspid="126" ordinal="2" offset="18" sl="138" sc="13" el="138" ec="95" bec="0" bev="0" fileid="1" />
                <SequencePoint vc="0" uspid="127" ordinal="3" offset="106" sl="139" sc="13" el="145" ec="17" bec="0" bev="0" fileid="1" />
                <SequencePoint vc="0" uspid="128" ordinal="4" offset="160" sl="147" sc="9" el="147" ec="10" bec="0" bev="0" fileid="1" />
              </SequencePoints>
              <BranchPoints />
              <MethodPoint vc="0" uspid="131" ordinal="0" offset="0" />
            </Method>
            <Method visited="false" cyclomaticComplexity="2" nPathComplexity="0" sequenceCoverage="0" branchCoverage="0" crapScore="6" isConstructor="false" isStatic="false" isGetter="false" isSetter="false">
              <Summary numSequencePoints="16" visitedSequencePoints="0" numBranchPoints="1" visitedBranchPoints="0" sequenceCoverage="0" branchCoverage="0" maxCyclomaticComplexity="2" minCyclomaticComplexity="2" maxCrapScore="6" minCrapScore="6" visitedClasses="0" numClasses="0" visitedMethods="0" numMethods="1" />
              <MetadataToken>100663313</MetadataToken>
              <Name>System.Void MoqHelpersTests.InSequence_General_Tests::Works_With_Callbacks_From_Outside()</Name>
              <FileRef uid="1" />
              <SequencePoints>
                <SequencePoint vc="0" uspid="132" ordinal="0" offset="6" sl="150" sc="9" el="150" ec="10" bec="0" bev="0" fileid="1" />
                <SequencePoint vc="0" uspid="133" ordinal="1" offset="7" sl="151" sc="13" el="151" ec="44" bec="0" bev="0" fileid="1" />
                <SequencePoint vc="0" uspid="134" ordinal="2" offset="13" sl="152" sc="13" el="152" ec="48" bec="0" bev="0" fileid="1" />
                <SequencePoint vc="0" uspid="135" ordinal="3" offset="20" sl="153" sc="13" el="156" ec="16" bec="0" bev="0" fileid="1" />
                <SequencePoint vc="0" uspid="136" ordinal="4" offset="106" sl="157" sc="13" el="157" ec="39" bec="0" bev="0" fileid="1" />
                <SequencePoint vc="0" uspid="137" ordinal="5" offset="113" sl="158" sc="13" el="158" ec="99" bec="0" bev="0" fileid="1" />
                <SequencePoint vc="0" uspid="138" ordinal="6" offset="217" sl="159" sc="13" el="162" ec="16" bec="0" bev="0" fileid="1" />
                <SequencePoint vc="0" uspid="139" ordinal="7" offset="255" sl="164" sc="13" el="167" ec="16" bec="0" bev="0" fileid="1" />
                <SequencePoint vc="0" uspid="140" ordinal="8" offset="274" sl="168" sc="13" el="168" ec="38" bec="0" bev="0" fileid="1" />
                <SequencePoint vc="0" uspid="141" ordinal="9" offset="281" sl="170" sc="13" el="170" ec="33" bec="0" bev="0" fileid="1" />
                <SequencePoint vc="0" uspid="142" ordinal="10" offset="289" sl="172" sc="13" el="172" ec="35" bec="0" bev="0" fileid="1" />
                <SequencePoint vc="0" uspid="143" ordinal="11" offset="296" sl="173" sc="13" el="173" ec="50" bec="0" bev="0" fileid="1" />
                <SequencePoint vc="0" uspid="144" ordinal="12" offset="305" sl="175" sc="13" el="175" ec="35" bec="0" bev="0" fileid="1" />
                <SequencePoint vc="0" uspid="145" ordinal="13" offset="312" sl="176" sc="13" el="176" ec="49" bec="0" bev="0" fileid="1" />
                <SequencePoint vc="0" uspid="146" ordinal="14" offset="324" sl="177" sc="13" el="177" ec="61" bec="0" bev="0" fileid="1" />
                <SequencePoint vc="0" uspid="147" ordinal="15" offset="343" sl="178" sc="9" el="178" ec="10" bec="0" bev="0" fileid="1" />
              </SequencePoints>
              <BranchPoints />
              <MethodPoint vc="0" uspid="150" ordinal="0" offset="0" />
            </Method>
            <Method visited="false" cyclomaticComplexity="1" nPathComplexity="0" sequenceCoverage="0" branchCoverage="0" crapScore="2" isConstructor="true" isStatic="false" isGetter="false" isSetter="false">
              <Summary numSequencePoints="0" visitedSequencePoints="0" numBranchPoints="0" visitedBranchPoints="0" sequenceCoverage="0" branchCoverage="0" maxCyclomaticComplexity="1" minCyclomaticComplexity="1" maxCrapScore="2" minCrapScore="2" visitedClasses="0" numClasses="0" visitedMethods="0" numMethods="0" />
              <MetadataToken>100663314</MetadataToken>
              <Name>System.Void MoqHelpersTests.InSequence_General_Tests::.ctor()</Name>
              <SequencePoints />
              <BranchPoints />
              <MethodPoint vc="0" uspid="151" ordinal="0" offset="0" />
            </Method>
          </Methods>
        </Class>
        <Class>
          <Summary numSequencePoints="8" visitedSequencePoints="0" numBranchPoints="2" visitedBranchPoints="0" sequenceCoverage="0" branchCoverage="0" maxCyclomaticComplexity="1" minCyclomaticComplexity="1" maxCrapScore="2" minCrapScore="2" visitedClasses="0" numClasses="1" visitedMethods="0" numMethods="2" />
          <FullName>MoqHelpersTests.InSequence_General_Tests/&lt;&gt;c__DisplayClass0_0</FullName>
          <Methods>
            <Method visited="false" cyclomaticComplexity="1" nPathComplexity="0" sequenceCoverage="0" branchCoverage="0" crapScore="2" isConstructor="true" isStatic="false" isGetter="false" isSetter="false">
              <Summary numSequencePoints="0" visitedSequencePoints="0" numBranchPoints="0" visitedBranchPoints="0" sequenceCoverage="0" branchCoverage="0" maxCyclomaticComplexity="1" minCyclomaticComplexity="1" maxCrapScore="2" minCrapScore="2" visitedClasses="0" numClasses="0" visitedMethods="0" numMethods="0" />
              <MetadataToken>100663430</MetadataToken>
              <Name>System.Void MoqHelpersTests.InSequence_General_Tests/&lt;&gt;c__DisplayClass0_0::.ctor()</Name>
              <SequencePoints />
              <BranchPoints />
              <MethodPoint vc="0" uspid="152" ordinal="0" offset="0" />
            </Method>
            <Method visited="false" cyclomaticComplexity="1" nPathComplexity="0" sequenceCoverage="0" branchCoverage="0" crapScore="2" isConstructor="false" isStatic="false" isGetter="false" isSetter="false">
              <Summary numSequencePoints="4" visitedSequencePoints="0" numBranchPoints="1" visitedBranchPoints="0" sequenceCoverage="0" branchCoverage="0" maxCyclomaticComplexity="1" minCyclomaticComplexity="1" maxCrapScore="2" minCrapScore="2" visitedClasses="0" numClasses="0" visitedMethods="0" numMethods="1" />
              <MetadataToken>100663431</MetadataToken>
              <Name>System.Void MoqHelpersTests.InSequence_General_Tests/&lt;&gt;c__DisplayClass0_0::&lt;Throws_When_Mix_Times_And_Indices&gt;b__0()</Name>
              <FileRef uid="1" />
              <SequencePoints>
                <SequencePoint vc="0" uspid="153" ordinal="0" offset="0" sl="116" sc="17" el="116" ec="18" bec="0" bev="0" fileid="1" />
                <SequencePoint vc="0" uspid="154" ordinal="1" offset="1" sl="117" sc="21" el="117" ec="83" bec="0" bev="0" fileid="1" />
                <SequencePoint vc="0" uspid="155" ordinal="2" offset="101" sl="118" sc="21" el="118" ec="120" bec="0" bev="0" fileid="1" />
                <SequencePoint vc="0" uspid="156" ordinal="3" offset="221" sl="119" sc="17" el="119" ec="18" bec="0" bev="0" fileid="1" />
              </SequencePoints>
              <BranchPoints />
              <MethodPoint xsi:type="SequencePoint" vc="0" uspid="153" ordinal="0" offset="0" sl="116" sc="17" el="116" ec="18" bec="0" bev="0" fileid="1" />
            </Method>
            <Method visited="false" cyclomaticComplexity="1" nPathComplexity="0" sequenceCoverage="0" branchCoverage="0" crapScore="2" isConstructor="false" isStatic="false" isGetter="false" isSetter="false">
              <Summary numSequencePoints="4" visitedSequencePoints="0" numBranchPoints="1" visitedBranchPoints="0" sequenceCoverage="0" branchCoverage="0" maxCyclomaticComplexity="1" minCyclomaticComplexity="1" maxCrapScore="2" minCrapScore="2" visitedClasses="0" numClasses="0" visitedMethods="0" numMethods="1" />
              <MetadataToken>100663432</MetadataToken>
              <Name>System.Void MoqHelpersTests.InSequence_General_Tests/&lt;&gt;c__DisplayClass0_0::&lt;Throws_When_Mix_Times_And_Indices&gt;b__1()</Name>
              <FileRef uid="1" />
              <SequencePoints>
                <SequencePoint vc="0" uspid="157" ordinal="0" offset="0" sl="124" sc="17" el="124" ec="18" bec="0" bev="0" fileid="1" />
                <SequencePoint vc="0" uspid="158" ordinal="1" offset="1" sl="125" sc="21" el="125" ec="120" bec="0" bev="0" fileid="1" />
                <SequencePoint vc="0" uspid="159" ordinal="2" offset="121" sl="126" sc="21" el="126" ec="83" bec="0" bev="0" fileid="1" />
                <SequencePoint vc="0" uspid="160" ordinal="3" offset="221" sl="127" sc="17" el="127" ec="18" bec="0" bev="0" fileid="1" />
              </SequencePoints>
              <BranchPoints />
              <MethodPoint xsi:type="SequencePoint" vc="0" uspid="157" ordinal="0" offset="0" sl="124" sc="17" el="124" ec="18" bec="0" bev="0" fileid="1" />
            </Method>
          </Methods>
        </Class>
        <Class>
          <Summary numSequencePoints="6" visitedSequencePoints="0" numBranchPoints="3" visitedBranchPoints="0" sequenceCoverage="0" branchCoverage="0" maxCyclomaticComplexity="1" minCyclomaticComplexity="1" maxCrapScore="2" minCrapScore="2" visitedClasses="0" numClasses="1" visitedMethods="0" numMethods="3" />
          <FullName>MoqHelpersTests.InSequence_General_Tests/&lt;&gt;c</FullName>
          <Methods>
            <Method visited="false" cyclomaticComplexity="1" nPathComplexity="0" sequenceCoverage="0" branchCoverage="0" crapScore="2" isConstructor="true" isStatic="true" isGetter="false" isSetter="false">
              <Summary numSequencePoints="0" visitedSequencePoints="0" numBranchPoints="0" visitedBranchPoints="0" sequenceCoverage="0" branchCoverage="0" maxCyclomaticComplexity="1" minCyclomaticComplexity="1" maxCrapScore="2" minCrapScore="2" visitedClasses="0" numClasses="0" visitedMethods="0" numMethods="0" />
              <MetadataToken>100663433</MetadataToken>
              <Name>System.Void MoqHelpersTests.InSequence_General_Tests/&lt;&gt;c::.cctor()</Name>
              <SequencePoints />
              <BranchPoints />
              <MethodPoint vc="0" uspid="161" ordinal="0" offset="0" />
            </Method>
            <Method visited="false" cyclomaticComplexity="1" nPathComplexity="0" sequenceCoverage="0" branchCoverage="0" crapScore="2" isConstructor="true" isStatic="false" isGetter="false" isSetter="false">
              <Summary numSequencePoints="0" visitedSequencePoints="0" numBranchPoints="0" visitedBranchPoints="0" sequenceCoverage="0" branchCoverage="0" maxCyclomaticComplexity="1" minCyclomaticComplexity="1" maxCrapScore="2" minCrapScore="2" visitedClasses="0" numClasses="0" visitedMethods="0" numMethods="0" />
              <MetadataToken>100663434</MetadataToken>
              <Name>System.Void MoqHelpersTests.InSequence_General_Tests/&lt;&gt;c::.ctor()</Name>
              <SequencePoints />
              <BranchPoints />
              <MethodPoint vc="0" uspid="162" ordinal="0" offset="0" />
            </Method>
            <Method visited="false" cyclomaticComplexity="1" nPathComplexity="0" sequenceCoverage="0" branchCoverage="0" crapScore="2" isConstructor="false" isStatic="false" isGetter="false" isSetter="false">
              <Summary numSequencePoints="1" visitedSequencePoints="0" numBranchPoints="1" visitedBranchPoints="0" sequenceCoverage="0" branchCoverage="0" maxCyclomaticComplexity="1" minCyclomaticComplexity="1" maxCrapScore="2" minCrapScore="2" visitedClasses="0" numClasses="0" visitedMethods="0" numMethods="1" />
              <MetadataToken>100663435</MetadataToken>
              <Name>System.Boolean MoqHelpersTests.InSequence_General_Tests/&lt;&gt;c::&lt;Throws_When_Mix_Times_And_Indices&gt;b__0_2(MoqHelpers.InSequence.SequenceSetupException)</Name>
              <FileRef uid="1" />
              <SequencePoints>
                <SequencePoint vc="0" uspid="163" ordinal="0" offset="0" sl="131" sc="78" el="131" ec="104" bec="0" bev="0" fileid="1" />
              </SequencePoints>
              <BranchPoints />
              <MethodPoint xsi:type="SequencePoint" vc="0" uspid="163" ordinal="0" offset="0" sl="131" sc="78" el="131" ec="104" bec="0" bev="0" fileid="1" />
            </Method>
            <Method visited="false" cyclomaticComplexity="1" nPathComplexity="0" sequenceCoverage="0" branchCoverage="0" crapScore="2" isConstructor="false" isStatic="false" isGetter="false" isSetter="false">
              <Summary numSequencePoints="3" visitedSequencePoints="0" numBranchPoints="1" visitedBranchPoints="0" sequenceCoverage="0" branchCoverage="0" maxCyclomaticComplexity="1" minCyclomaticComplexity="1" maxCrapScore="2" minCrapScore="2" visitedClasses="0" numClasses="0" visitedMethods="0" numMethods="1" />
              <MetadataToken>100663436</MetadataToken>
              <Name>System.Boolean MoqHelpersTests.InSequence_General_Tests/&lt;&gt;c::&lt;Throws_When_Different_Setups_Supply_The_Same_Call_Index&gt;b__1_2(MoqHelpers.InSequence.SequenceSetupException)</Name>
              <FileRef uid="1" />
              <SequencePoints>
                <SequencePoint vc="0" uspid="164" ordinal="0" offset="0" sl="143" sc="13" el="143" ec="14" bec="0" bev="0" fileid="1" />
                <SequencePoint vc="0" uspid="165" ordinal="1" offset="1" sl="144" sc="17" el="144" ec="56" bec="0" bev="0" fileid="1" />
                <SequencePoint vc="0" uspid="166" ordinal="2" offset="10" sl="145" sc="13" el="145" ec="14" bec="0" bev="0" fileid="1" />
              </SequencePoints>
              <BranchPoints />
              <MethodPoint xsi:type="SequencePoint" vc="0" uspid="164" ordinal="0" offset="0" sl="143" sc="13" el="143" ec="14" bec="0" bev="0" fileid="1" />
            </Method>
            <Method visited="false" cyclomaticComplexity="1" nPathComplexity="0" sequenceCoverage="0" branchCoverage="0" crapScore="2" isConstructor="false" isStatic="false" isGetter="false" isSetter="false">
              <Summary numSequencePoints="2" visitedSequencePoints="0" numBranchPoints="1" visitedBranchPoints="0" sequenceCoverage="0" branchCoverage="0" maxCyclomaticComplexity="1" minCyclomaticComplexity="1" maxCrapScore="2" minCrapScore="2" visitedClasses="0" numClasses="0" visitedMethods="0" numMethods="1" />
              <MetadataToken>100663437</MetadataToken>
              <Name>System.Void MoqHelpersTests.InSequence_General_Tests/&lt;&gt;c::&lt;Works_With_Callbacks_From_Outside&gt;b__2_3(System.String)</Name>
              <FileRef uid="1" />
              <SequencePoints>
                <SequencePoint vc="0" uspid="167" ordinal="0" offset="0" sl="160" sc="13" el="160" ec="14" bec="0" bev="0" fileid="1" />
                <SequencePoint vc="0" uspid="168" ordinal="1" offset="1" sl="162" sc="13" el="162" ec="14" bec="0" bev="0" fileid="1" />
              </SequencePoints>
              <BranchPoints />
              <MethodPoint xsi:type="SequencePoint" vc="0" uspid="167" ordinal="0" offset="0" sl="160" sc="13" el="160" ec="14" bec="0" bev="0" fileid="1" />
            </Method>
          </Methods>
        </Class>
        <Class>
          <Summary numSequencePoints="3" visitedSequencePoints="0" numBranchPoints="1" visitedBranchPoints="0" sequenceCoverage="0" branchCoverage="0" maxCyclomaticComplexity="1" minCyclomaticComplexity="1" maxCrapScore="2" minCrapScore="2" visitedClasses="0" numClasses="1" visitedMethods="0" numMethods="1" />
          <FullName>MoqHelpersTests.InSequence_General_Tests/&lt;&gt;c__DisplayClass1_0</FullName>
          <Methods>
            <Method visited="false" cyclomaticComplexity="1" nPathComplexity="0" sequenceCoverage="0" branchCoverage="0" crapScore="2" isConstructor="true" isStatic="false" isGetter="false" isSetter="false">
              <Summary numSequencePoints="0" visitedSequencePoints="0" numBranchPoints="0" visitedBranchPoints="0" sequenceCoverage="0" branchCoverage="0" maxCyclomaticComplexity="1" minCyclomaticComplexity="1" maxCrapScore="2" minCrapScore="2" visitedClasses="0" numClasses="0" visitedMethods="0" numMethods="0" />
              <MetadataToken>100663438</MetadataToken>
              <Name>System.Void MoqHelpersTests.InSequence_General_Tests/&lt;&gt;c__DisplayClass1_0::.ctor()</Name>
              <SequencePoints />
              <BranchPoints />
              <MethodPoint vc="0" uspid="169" ordinal="0" offset="0" />
            </Method>
            <Method visited="false" cyclomaticComplexity="1" nPathComplexity="0" sequenceCoverage="0" branchCoverage="0" crapScore="2" isConstructor="false" isStatic="false" isGetter="false" isSetter="false">
              <Summary numSequencePoints="3" visitedSequencePoints="0" numBranchPoints="1" visitedBranchPoints="0" sequenceCoverage="0" branchCoverage="0" maxCyclomaticComplexity="1" minCyclomaticComplexity="1" maxCrapScore="2" minCrapScore="2" visitedClasses="0" numClasses="0" visitedMethods="0" numMethods="1" />
              <MetadataToken>100663439</MetadataToken>
              <Name>System.Void MoqHelpersTests.InSequence_General_Tests/&lt;&gt;c__DisplayClass1_0::&lt;Throws_When_Different_Setups_Supply_The_Same_Call_Index&gt;b__1()</Name>
              <FileRef uid="1" />
              <SequencePoints>
                <SequencePoint vc="0" uspid="170" ordinal="0" offset="0" sl="140" sc="13" el="140" ec="14" bec="0" bev="0" fileid="1" />
                <SequencePoint vc="0" uspid="171" ordinal="1" offset="1" sl="141" sc="17" el="141" ec="99" bec="0" bev="0" fileid="1" />
                <SequencePoint vc="0" uspid="172" ordinal="2" offset="89" sl="142" sc="13" el="142" ec="14" bec="0" bev="0" fileid="1" />
              </SequencePoints>
              <BranchPoints />
              <MethodPoint xsi:type="SequencePoint" vc="0" uspid="170" ordinal="0" offset="0" sl="140" sc="13" el="140" ec="14" bec="0" bev="0" fileid="1" />
            </Method>
          </Methods>
        </Class>
        <Class>
          <Summary numSequencePoints="6" visitedSequencePoints="0" numBranchPoints="2" visitedBranchPoints="0" sequenceCoverage="0" branchCoverage="0" maxCyclomaticComplexity="1" minCyclomaticComplexity="1" maxCrapScore="2" minCrapScore="2" visitedClasses="0" numClasses="1" visitedMethods="0" numMethods="2" />
          <FullName>MoqHelpersTests.InSequence_General_Tests/&lt;&gt;c__DisplayClass2_0</FullName>
          <Methods>
            <Method visited="false" cyclomaticComplexity="1" nPathComplexity="0" sequenceCoverage="0" branchCoverage="0" crapScore="2" isConstructor="true" isStatic="false" isGetter="false" isSetter="false">
              <Summary numSequencePoints="0" visitedSequencePoints="0" numBranchPoints="0" visitedBranchPoints="0" sequenceCoverage="0" branchCoverage="0" maxCyclomaticComplexity="1" minCyclomaticComplexity="1" maxCrapScore="2" minCrapScore="2" visitedClasses="0" numClasses="0" visitedMethods="0" numMethods="0" />
              <MetadataToken>100663440</MetadataToken>
              <Name>System.Void MoqHelpersTests.InSequence_General_Tests/&lt;&gt;c__DisplayClass2_0::.ctor()</Name>
              <SequencePoints />
              <BranchPoints />
              <MethodPoint vc="0" uspid="173" ordinal="0" offset="0" />
            </Method>
            <Method visited="false" cyclomaticComplexity="1" nPathComplexity="0" sequenceCoverage="0" branchCoverage="0" crapScore="2" isConstructor="false" isStatic="false" isGetter="false" isSetter="false">
              <Summary numSequencePoints="3" visitedSequencePoints="0" numBranchPoints="1" visitedBranchPoints="0" sequenceCoverage="0" branchCoverage="0" maxCyclomaticComplexity="1" minCyclomaticComplexity="1" maxCrapScore="2" minCrapScore="2" visitedClasses="0" numClasses="0" visitedMethods="0" numMethods="1" />
              <MetadataToken>100663441</MetadataToken>
              <Name>System.Void MoqHelpersTests.InSequence_General_Tests/&lt;&gt;c__DisplayClass2_0::&lt;Works_With_Callbacks_From_Outside&gt;b__1()</Name>
              <FileRef uid="1" />
              <SequencePoints>
                <SequencePoint vc="0" uspid="174" ordinal="0" offset="0" sl="154" sc="13" el="154" ec="14" bec="0" bev="0" fileid="1" />
                <SequencePoint vc="0" uspid="175" ordinal="1" offset="1" sl="155" sc="17" el="155" ec="47" bec="0" bev="0" fileid="1" />
                <SequencePoint vc="0" uspid="176" ordinal="2" offset="8" sl="156" sc="13" el="156" ec="14" bec="0" bev="0" fileid="1" />
              </SequencePoints>
              <BranchPoints />
              <MethodPoint xsi:type="SequencePoint" vc="0" uspid="174" ordinal="0" offset="0" sl="154" sc="13" el="154" ec="14" bec="0" bev="0" fileid="1" />
            </Method>
            <Method visited="false" cyclomaticComplexity="1" nPathComplexity="0" sequenceCoverage="0" branchCoverage="0" crapScore="2" isConstructor="false" isStatic="false" isGetter="false" isSetter="false">
              <Summary numSequencePoints="3" visitedSequencePoints="0" numBranchPoints="1" visitedBranchPoints="0" sequenceCoverage="0" branchCoverage="0" maxCyclomaticComplexity="1" minCyclomaticComplexity="1" maxCrapScore="2" minCrapScore="2" visitedClasses="0" numClasses="0" visitedMethods="0" numMethods="1" />
              <MetadataToken>100663442</MetadataToken>
              <Name>System.Void MoqHelpersTests.InSequence_General_Tests/&lt;&gt;c__DisplayClass2_0::&lt;Works_With_Callbacks_From_Outside&gt;b__4(System.String)</Name>
              <FileRef uid="1" />
              <SequencePoints>
                <SequencePoint vc="0" uspid="177" ordinal="0" offset="0" sl="165" sc="13" el="165" ec="14" bec="0" bev="0" fileid="1" />
                <SequencePoint vc="0" uspid="178" ordinal="1" offset="1" sl="166" sc="17" el="166" ec="33" bec="0" bev="0" fileid="1" />
                <SequencePoint vc="0" uspid="179" ordinal="2" offset="8" sl="167" sc="13" el="167" ec="14" bec="0" bev="0" fileid="1" />
              </SequencePoints>
              <BranchPoints />
              <MethodPoint xsi:type="SequencePoint" vc="0" uspid="177" ordinal="0" offset="0" sl="165" sc="13" el="165" ec="14" bec="0" bev="0" fileid="1" />
            </Method>
          </Methods>
        </Class>
        <Class>
[...]
                <SequencePoint vc="0" uspid="2357" ordinal="9" offset="81" sl="30" sc="13" el="30" ec="14" bec="0" bev="0" fileid="160" />
                <SequencePoint vc="0" uspid="2358" ordinal="10" offset="82" sl="31" sc="9" el="31" ec="10" bec="0" bev="0" fileid="160" />
              </SequencePoints>
              <BranchPoints>
                <BranchPoint vc="0" uspid="2359" ordinal="0" offset="38" sl="23" path="0" offsetend="40" fileid="160" />
                <BranchPoint vc="0" uspid="2360" ordinal="1" offset="38" sl="23" path="1" offsetend="62" fileid="160" />
              </BranchPoints>
              <MethodPoint xsi:type="SequencePoint" vc="0" uspid="2348" ordinal="0" offset="0" sl="20" sc="9" el="20" ec="10" bec="0" bev="0" fileid="160" />
            </Method>
          </Methods>
        </Class>
        <Class>
          <Summary numSequencePoints="8" visitedSequencePoints="0" numBranchPoints="2" visitedBranchPoints="0" sequenceCoverage="0" branchCoverage="0" maxCyclomaticComplexity="1" minCyclomaticComplexity="1" maxCrapScore="2" minCrapScore="2" visitedClasses="0" numClasses="1" visitedMethods="0" numMethods="2" />
          <FullName>MoqHelpers.InSequence.SetUpWrappers.InvocationResponder`2</FullName>
          <Methods>
            <Method visited="false" cyclomaticComplexity="1" nPathComplexity="0" sequenceCoverage="0" branchCoverage="0" crapScore="2" isConstructor="true" isStatic="false" isGetter="false" isSetter="false">
              <Summary numSequencePoints="4" visitedSequencePoints="0" numBranchPoints="1" visitedBranchPoints="0" sequenceCoverage="0" branchCoverage="0" maxCyclomaticComplexity="1" minCyclomaticComplexity="1" maxCrapScore="2" minCrapScore="2" visitedClasses="0" numClasses="0" visitedMethods="0" numMethods="1" />
              <MetadataToken>100663624</MetadataToken>
              <Name>System.Void MoqHelpers.InSequence.SetUpWrappers.InvocationResponder`2::.ctor(Moq.Language.Flow.ISetup`2&lt;TMock,TResult&gt;)</Name>
              <FileRef uid="161" />
              <SequencePoints>
                <SequencePoint vc="0" uspid="2361" ordinal="0" offset="0" sl="9" sc="9" el="9" ec="70" bec="0" bev="0" fileid="161" />
                <SequencePoint vc="0" uspid="2362" ordinal="1" offset="7" sl="10" sc="9" el="10" ec="10" bec="0" bev="0" fileid="161" />
                <SequencePoint vc="0" uspid="2363" ordinal="2" offset="8" sl="11" sc="13" el="11" ec="42" bec="0" bev="0" fileid="161" />
                <SequencePoint vc="0" uspid="2364" ordinal="3" offset="15" sl="12" sc="9" el="12" ec="10" bec="0" bev="0" fileid="161" />
              </SequencePoints>
              <BranchPoints />
              <MethodPoint xsi:type="SequencePoint" vc="0" uspid="2361" ordinal="0" offset="0" sl="9" sc="9" el="9" ec="70" bec="0" bev="0" fileid="161" />
            </Method>
            <Method visited="false" cyclomaticComplexity="1" nPathComplexity="0" sequenceCoverage="0" branchCoverage="0" crapScore="2" isConstructor="false" isStatic="false" isGetter="false" isSetter="false">
              <Summary numSequencePoints="4" visitedSequencePoints="0" numBranchPoints="1" visitedBranchPoints="0" sequenceCoverage="0" branchCoverage="0" maxCyclomaticComplexity="1" minCyclomaticComplexity="1" maxCrapScore="2" minCrapScore="2" visitedClasses="0" numClasses="0" visitedMethods="0" numMethods="1" />
              <MetadataToken>100663625</MetadataToken>
              <Name>System.Void MoqHelpers.InSequence.SetUpWrappers.InvocationResponder`2::Respond()</Name>
              <FileRef uid="161" />
              <SequencePoints>
                <SequencePoint vc="0" uspid="2365" ordinal="0" offset="0" sl="15" sc="9" el="15" ec="10" bec="0" bev="0" fileid="161" />
                <SequencePoint vc="0" uspid="2366" ordinal="1" offset="1" sl="16" sc="13" el="16" ec="34" bec="0" bev="0" fileid="161" />
                <SequencePoint vc="0" uspid="2367" ordinal="2" offset="14" sl="17" sc="13" el="17" ec="27" bec="0" bev="0" fileid="161" />
                <SequencePoint vc="0" uspid="2368" ordinal="3" offset="28" sl="18" sc="9" el="18" ec="10" bec="0" bev="0" fileid="161" />
              </SequencePoints>
              <BranchPoints />
              <MethodPoint xsi:type="SequencePoint" vc="0" uspid="2365" ordinal="0" offset="0" sl="15" sc="9" el="15" ec="10" bec="0" bev="0" fileid="161" />
            </Method>
          </Methods>
        </Class>
        <Class>
          <Summary numSequencePoints="7" visitedSequencePoints="0" numBranchPoints="2" visitedBranchPoints="0" sequenceCoverage="0" branchCoverage="0" maxCyclomaticComplexity="1" minCyclomaticComplexity="1" maxCrapScore="2" minCrapScore="2" visitedClasses="0" numClasses="1" visitedMethods="0" numMethods="2" />
          <FullName>MoqHelpers.InSequence.SetUpWrappers.ReturnsInvocationResponder`2</FullName>
          <Methods>
            <Method visited="false" cyclomaticComplexity="1" nPathComplexity="0" sequenceCoverage="0" branchCoverage="0" crapScore="2" isConstructor="true" isStatic="false" isGetter="false" isSetter="false">
              <Summary numSequencePoints="4" visitedSequencePoints="0" numBranchPoints="1" visitedBranchPoints="0" sequenceCoverage="0" branchCoverage="0" maxCyclomaticComplexity="1" minCyclomaticComplexity="1" maxCrapScore="2" minCrapScore="2" visitedClasses="0" numClasses="0" visitedMethods="0" numMethods="1" />
              <MetadataToken>100663627</MetadataToken>
              <Name>System.Void MoqHelpers.InSequence.SetUpWrappers.ReturnsInvocationResponder`2::.ctor(MoqHelpers.InSequence.Returns`1&lt;TReturn&gt;,Moq.Language.Flow.ISetup`2&lt;TMock,TReturn&gt;)</Name>
              <FileRef uid="162" />
              <SequencePoints>
                <SequencePoint vc="0" uspid="2369" ordinal="0" offset="0" sl="7" sc="105" el="7" ec="121" bec="0" bev="0" fileid="162" />
                <SequencePoint vc="0" uspid="2370" ordinal="1" offset="8" sl="8" sc="9" el="8" ec="10" bec="0" bev="0" fileid="162" />
                <SequencePoint vc="0" uspid="2371" ordinal="2" offset="9" sl="9" sc="13" el="9" ec="36" bec="0" bev="0" fileid="162" />
                <SequencePoint vc="0" uspid="2372" ordinal="3" offset="16" sl="10" sc="9" el="10" ec="10" bec="0" bev="0" fileid="162" />
              </SequencePoints>
              <BranchPoints />
              <MethodPoint xsi:type="SequencePoint" vc="0" uspid="2369" ordinal="0" offset="0" sl="7" sc="105" el="7" ec="121" bec="0" bev="0" fileid="162" />
            </Method>
            <Method visited="false" cyclomaticComplexity="1" nPathComplexity="0" sequenceCoverage="0" branchCoverage="0" crapScore="2" isConstructor="false" isStatic="false" isGetter="false" isSetter="false">
              <Summary numSequencePoints="3" visitedSequencePoints="0" numBranchPoints="1" visitedBranchPoints="0" sequenceCoverage="0" branchCoverage="0" maxCyclomaticComplexity="1" minCyclomaticComplexity="1" maxCrapScore="2" minCrapScore="2" visitedClasses="0" numClasses="0" visitedMethods="0" numMethods="1" />
              <MetadataToken>100663628</MetadataToken>
              <Name>System.Void MoqHelpers.InSequence.SetUpWrappers.ReturnsInvocationResponder`2::Respond(System.Int32)</Name>
              <FileRef uid="162" />
              <SequencePoints>
                <SequencePoint vc="0" uspid="2373" ordinal="0" offset="0" sl="12" sc="9" el="12" ec="10" bec="0" bev="0" fileid="162" />
                <SequencePoint vc="0" uspid="2374" ordinal="1" offset="1" sl="13" sc="13" el="13" ec="59" bec="0" bev="0" fileid="162" />
                <SequencePoint vc="0" uspid="2375" ordinal="2" offset="25" sl="14" sc="9" el="14" ec="10" bec="0" bev="0" fileid="162" />
              </SequencePoints>
              <BranchPoints />
              <MethodPoint xsi:type="SequencePoint" vc="0" uspid="2373" ordinal="0" offset="0" sl="12" sc="9" el="12" ec="10" bec="0" bev="0" fileid="162" />
            </Method>
          </Methods>
        </Class>
        <Class>
          <Summary numSequencePoints="26" visitedSequencePoints="0" numBranchPoints="7" visitedBranchPoints="0" sequenceCoverage="0" branchCoverage="0" maxCyclomaticComplexity="1" minCyclomaticComplexity="1" maxCrapScore="2" minCrapScore="2" visitedClasses="0" numClasses="1" visitedMethods="0" numMethods="7" />
          <FullName>MoqHelpers.InSequence.SetUpWrappers.SetupSequenceResultWrapper`2</FullName>
          <Methods>
            <Method visited="false" cyclomaticComplexity="1" nPathComplexity="0" sequenceCoverage="0" branchCoverage="0" crapScore="2" isConstructor="true" isStatic="false" isGetter="false" isSetter="false">
              <Summary numSequencePoints="4" visitedSequencePoints="0" numBranchPoints="1" visitedBranchPoints="0" sequenceCoverage="0" branchCoverage="0" maxCyclomaticComplexity="1" minCyclomaticComplexity="1" maxCrapScore="2" minCrapScore="2" visitedClasses="0" numClasses="0" visitedMethods="0" numMethods="1" />
              <MetadataToken>100663629</MetadataToken>
              <Name>System.Void MoqHelpers.InSequence.SetUpWrappers.SetupSequenceResultWrapper`2::.ctor(Moq.Language.Flow.ISetup`2&lt;TMock,TReturn&gt;,Moq.Mock,MoqHelpers.InSequence.ISequence,MoqHelpers.InSequence.ExceptionsOrReturns`1&lt;TReturn&gt;)</Name>
              <FileRef uid="163" />
              <SequencePoints>
                <SequencePoint vc="0" uspid="2376" ordinal="0" offset="0" sl="15" sc="158" el="15" ec="238" bec="0" bev="0" fileid="163" />
                <SequencePoint vc="0" uspid="2377" ordinal="1" offset="17" sl="16" sc="9" el="16" ec="10" bec="0" bev="0" fileid="163" />
                <SequencePoint vc="0" uspid="2378" ordinal="2" offset="18" sl="17" sc="13" el="17" ec="124" bec="0" bev="0" fileid="163" />
                <SequencePoint vc="0" uspid="2379" ordinal="3" offset="32" sl="18" sc="9" el="18" ec="10" bec="0" bev="0" fileid="163" />
              </SequencePoints>
              <BranchPoints />
              <MethodPoint xsi:type="SequencePoint" vc="0" uspid="2376" ordinal="0" offset="0" sl="15" sc="158" el="15" ec="238" bec="0" bev="0" fileid="163" />
            </Method>
            <Method visited="false" cyclomaticComplexity="1" nPathComplexity="0" sequenceCoverage="0" branchCoverage="0" crapScore="2" isConstructor="true" isStatic="false" isGetter="false" isSetter="false">
              <Summary numSequencePoints="4" visitedSequencePoints="0" numBranchPoints="1" visitedBranchPoints="0" sequenceCoverage="0" branchCoverage="0" maxCyclomaticComplexity="1" minCyclomaticComplexity="1" maxCrapScore="2" minCrapScore="2" visitedClasses="0" numClasses="0" visitedMethods="0" numMethods="1" />
              <MetadataToken>100663630</MetadataToken>
              <Name>System.Void MoqHelpers.InSequence.SetUpWrappers.SetupSequenceResultWrapper`2::.ctor(Moq.Language.Flow.ISetup`2&lt;TMock,TReturn&gt;,Moq.Mock,MoqHelpers.InSequence.ISequence,MoqHelpers.InSequence.ExceptionsOrReturns`1&lt;TReturn&gt;,MoqHelpers.InSequence.SequenceInvocationIndices)</Name>
              <FileRef uid="163" />
              <SequencePoints>
                <SequencePoint vc="0" uspid="2380" ordinal="0" offset="0" sl="19" sc="195" el="19" ec="237" bec="0" bev="0" fileid="163" />
                <SequencePoint vc="0" uspid="2381" ordinal="1" offset="12" sl="20" sc="9" el="20" ec="10" bec="0" bev="0" fileid="163" />
                <SequencePoint vc="0" uspid="2382" ordinal="2" offset="13" sl="21" sc="13" el="21" ec="123" bec="0" bev="0" fileid="163" />
                <SequencePoint vc="0" uspid="2383" ordinal="3" offset="27" sl="22" sc="9" el="22" ec="10" bec="0" bev="0" fileid="163" />
              </SequencePoints>
              <BranchPoints />
              <MethodPoint xsi:type="SequencePoint" vc="0" uspid="2380" ordinal="0" offset="0" sl="19" sc="195" el="19" ec="237" bec="0" bev="0" fileid="163" />
            </Method>
            <Method visited="false" cyclomaticComplexity="1" nPathComplexity="0" sequenceCoverage="0" branchCoverage="0" crapScore="2" isConstructor="true" isStatic="false" isGetter="false" isSetter="false">
              <Summary numSequencePoints="4" visitedSequencePoints="0" numBranchPoints="1" visitedBranchPoints="0" sequenceCoverage="0" branchCoverage="0" maxCyclomaticComplexity="1" minCyclomaticComplexity="1" maxCrapScore="2" minCrapScore="2" visitedClasses="0" numClasses="0" visitedMethods="0" numMethods="1" />
              <MetadataToken>100663631</MetadataToken>
              <Name>System.Void MoqHelpers.InSequence.SetUpWrappers.SetupSequenceResultWrapper`2::.ctor(Moq.Language.Flow.ISetup`2&lt;TMock,TReturn&gt;,Moq.Mock,MoqHelpers.InSequence.ISequence,MoqHelpers.InSequence.Returns`1&lt;TReturn&gt;)</Name>
              <FileRef uid="163" />
              <SequencePoints>
                <SequencePoint vc="0" uspid="2384" ordinal="0" offset="0" sl="23" sc="134" el="23" ec="202" bec="0" bev="0" fileid="163" />
                <SequencePoint vc="0" uspid="2385" ordinal="1" offset="17" sl="24" sc="9" el="24" ec="10" bec="0" bev="0" fileid="163" />
                <SequencePoint vc="0" uspid="2386" ordinal="2" offset="18" sl="25" sc="13" el="25" ec="98" bec="0" bev="0" fileid="163" />
                <SequencePoint vc="0" uspid="2387" ordinal="3" offset="32" sl="26" sc="9" el="26" ec="10" bec="0" bev="0" fileid="163" />
              </SequencePoints>
              <BranchPoints />
              <MethodPoint xsi:type="SequencePoint" vc="0" uspid="2384" ordinal="0" offset="0" sl="23" sc="134" el="23" ec="202" bec="0" bev="0" fileid="163" />
            </Method>
            <Method visited="false" cyclomaticComplexity="1" nPathComplexity="0" sequenceCoverage="0" branchCoverage="0" crapScore="2" isConstructor="true" isStatic="false" isGetter="false" isSetter="false">
              <Summary numSequencePoints="4" visitedSequencePoints="0" numBranchPoints="1" visitedBranchPoints="0" sequenceCoverage="0" branchCoverage="0" maxCyclomaticComplexity="1" minCyclomaticComplexity="1" maxCrapScore="2" minCrapScore="2" visitedClasses="0" numClasses="0" visitedMethods="0" numMethods="1" />
              <MetadataToken>100663632</MetadataToken>
              <Name>System.Void MoqHelpers.InSequence.SetUpWrappers.SetupSequenceResultWrapper`2::.ctor(Moq.Language.Flow.ISetup`2&lt;TMock,TReturn&gt;,Moq.Mock,MoqHelpers.InSequence.ISequence,MoqHelpers.InSequence.Returns`1&lt;TReturn&gt;,MoqHelpers.InSequence.SequenceInvocationIndices)</Name>
              <FileRef uid="163" />
              <SequencePoints>
                <SequencePoint vc="0" uspid="2388" ordinal="0" offset="0" sl="27" sc="170" el="27" ec="209" bec="0" bev="0" fileid="163" />
                <SequencePoint vc="0" uspid="2389" ordinal="1" offset="12" sl="28" sc="9" el="28" ec="10" bec="0" bev="0" fileid="163" />
                <SequencePoint vc="0" uspid="2390" ordinal="2" offset="13" sl="29" sc="13" el="29" ec="99" bec="0" bev="0" fileid="163" />
                <SequencePoint vc="0" uspid="2391" ordinal="3" offset="27" sl="30" sc="9" el="30" ec="10" bec="0" bev="0" fileid="163" />
              </SequencePoints>
              <BranchPoints />
              <MethodPoint xsi:type="SequencePoint" vc="0" uspid="2388" ordinal="0" offset="0" sl="27" sc="170" el="27" ec="209" bec="0" bev="0" fileid="163" />
            </Method>
            <Method visited="false" cyclomaticComplexity="1" nPathComplexity="0" sequenceCoverage="0" branchCoverage="0" crapScore="2" isConstructor="false" isStatic="false" isGetter="false" isSetter="false">
              <Summary numSequencePoints="3" visitedSequencePoints="0" numBranchPoints="1" visitedBranchPoints="0" sequenceCoverage="0" branchCoverage="0" maxCyclomaticComplexity="1" minCyclomaticComplexity="1" maxCrapScore="2" minCrapScore="2" visitedClasses="0" numClasses="0" visitedMethods="0" numMethods="1" />
              <MetadataToken>100663633</MetadataToken>
              <Name>System.Void MoqHelpers.InSequence.SetUpWrappers.SetupSequenceResultWrapper`2::RegisterForCallback(Moq.Language.Flow.ISetup`2&lt;TMock,TReturn&gt;)</Name>
              <FileRef uid="163" />
              <SequencePoints>
                <SequencePoint vc="0" uspid="2392" ordinal="0" offset="0" sl="33" sc="9" el="33" ec="10" bec="0" bev="0" fileid="163" />
                <SequencePoint vc="0" uspid="2393" ordinal="1" offset="1" sl="34" sc="13" el="38" ec="16" bec="0" bev="0" fileid="163" />
                <SequencePoint vc="0" uspid="2394" ordinal="2" offset="20" sl="39" sc="9" el="39" ec="10" bec="0" bev="0" fileid="163" />
              </SequencePoints>
              <BranchPoints />
              <MethodPoint xsi:type="SequencePoint" vc="0" uspid="2392" ordinal="0" offset="0" sl="33" sc="9" el="33" ec="10" bec="0" bev="0" fileid="163" />
            </Method>
            <Method visited="false" cyclomaticComplexity="1" nPathComplexity="0" sequenceCoverage="0" branchCoverage="0" crapScore="2" isConstructor="false" isStatic="false" isGetter="false" isSetter="false">
              <Summary numSequencePoints="3" visitedSequencePoints="0" numBranchPoints="1" visitedBranchPoints="0" sequenceCoverage="0" branchCoverage="0" maxCyclomaticComplexity="1" minCyclomaticComplexity="1" maxCrapScore="2" minCrapScore="2" visitedClasses="0" numClasses="0" visitedMethods="0" numMethods="1" />
              <MetadataToken>100663634</MetadataToken>
              <Name>System.Void MoqHelpers.InSequence.SetUpWrappers.SetupSequenceResultWrapper`2::Verifiable()</Name>
              <FileRef uid="163" />
              <SequencePoints>
                <SequencePoint vc="0" uspid="2395" ordinal="0" offset="0" sl="42" sc="9" el="42" ec="10" bec="0" bev="0" fileid="163" />
                <SequencePoint vc="0" uspid="2396" ordinal="1" offset="1" sl="43" sc="13" el="43" ec="34" bec="0" bev="0" fileid="163" />
                <SequencePoint vc="0" uspid="2397" ordinal="2" offset="9" sl="44" sc="9" el="44" ec="10" bec="0" bev="0" fileid="163" />
              </SequencePoints>
              <BranchPoints />
              <MethodPoint xsi:type="SequencePoint" vc="0" uspid="2395" ordinal="0" offset="0" sl="42" sc="9" el="42" ec="10" bec="0" bev="0" fileid="163" />
            </Method>
            <Method visited="false" cyclomaticComplexity="1" nPathComplexity="0" sequenceCoverage="0" branchCoverage="0" crapScore="2" isConstructor="false" isStatic="false" isGetter="false" isSetter="false">
              <Summary numSequencePoints="4" visitedSequencePoints="0" numBranchPoints="1" visitedBranchPoints="0" sequenceCoverage="0" branchCoverage="0" maxCyclomaticComplexity="1" minCyclomaticComplexity="1" maxCrapScore="2" minCrapScore="2" visitedClasses="0" numClasses="0" visitedMethods="0" numMethods="1" />
              <MetadataToken>100663635</MetadataToken>
              <Name>System.Void MoqHelpers.InSequence.SetUpWrappers.SetupSequenceResultWrapper`2::&lt;RegisterForCallback&gt;b__5_0()</Name>
              <FileRef uid="163" />
              <SequencePoints>
                <SequencePoint vc="0" uspid="2398" ordinal="0" offset="0" sl="35" sc="13" el="35" ec="14" bec="0" bev="0" fileid="163" />
                <SequencePoint vc="0" uspid="2399" ordinal="1" offset="1" sl="36" sc="17" el="36" ec="46" bec="0" bev="0" fileid="163" />
                <SequencePoint vc="0" uspid="2400" ordinal="2" offset="13" sl="37" sc="17" el="37" ec="36" bec="0" bev="0" fileid="163" />
                <SequencePoint vc="0" uspid="2401" ordinal="3" offset="20" sl="38" sc="13" el="38" ec="14" bec="0" bev="0" fileid="163" />
              </SequencePoints>
              <BranchPoints />
              <MethodPoint xsi:type="SequencePoint" vc="0" uspid="2398" ordinal="0" offset="0" sl="35" sc="13" el="35" ec="14" bec="0" bev="0" fileid="163" />
            </Method>
          </Methods>
        </Class>
      </Classes>
      <TrackedMethods />
    </Module>
  </Modules>
</CoverageSession>